###############################################################
#  Generated by:      Cadence Innovus 17.11-s080_1
#  OS:                Linux x86_64(Host ID cad17)
#  Generated on:      Fri Mar 22 00:11:14 2024
#  Design:            CHIP
#  Command:           verifyGeometry
###############################################################

OVERLAP: Cell IOFILLER_E_65 & Cell IOFILLER_E_76
Bounds : ( 1337.960, 1328.260 ) ( 1478.080, 1328.570 )


OVERLAP: Blockage of Cell IOFILLER_E_76 & Blockage of Cell IOFILLER_E_65  ( metal6 )
Bounds : ( 1338.800, 1328.260 ) ( 1478.080, 1328.570 )


OVERLAP: Blockage of Cell IOFILLER_E_76 & Blockage of Cell IOFILLER_E_65  ( metal5 )
Bounds : ( 1338.800, 1328.260 ) ( 1478.080, 1328.570 )


OVERLAP: Blockage of Cell IOFILLER_E_76 & Blockage of Cell IOFILLER_E_65  ( metal4 )
Bounds : ( 1338.800, 1328.260 ) ( 1478.080, 1328.570 )


OVERLAP: Blockage of Cell IOFILLER_E_76 & Blockage of Cell IOFILLER_E_65  ( metal3 )
Bounds : ( 1338.800, 1328.260 ) ( 1478.080, 1328.570 )


OVERLAP: Blockage of Cell IOFILLER_E_76 & Blockage of Cell IOFILLER_E_65  ( metal2 )
Bounds : ( 1338.800, 1328.260 ) ( 1478.080, 1328.570 )


OVERLAP: Blockage of Cell IOFILLER_E_76 & Blockage of Cell IOFILLER_E_65  ( metal1 )
Bounds : ( 1338.800, 1328.260 ) ( 1478.080, 1328.570 )


OVERLAP: Cell IOFILLER_N_89 & Cell IOFILLER_N_90
Bounds : ( 1337.340, 1328.880 ) ( 1337.720, 1469.000 )


OVERLAP: Blockage of Cell IOFILLER_N_90 & Blockage of Cell IOFILLER_N_89  ( metal6 )
Bounds : ( 1337.340, 1329.720 ) ( 1337.720, 1469.000 )


OVERLAP: Blockage of Cell IOFILLER_N_90 & Blockage of Cell IOFILLER_N_89  ( metal5 )
Bounds : ( 1337.340, 1329.720 ) ( 1337.720, 1469.000 )


OVERLAP: Blockage of Cell IOFILLER_N_90 & Blockage of Cell IOFILLER_N_89  ( metal4 )
Bounds : ( 1337.340, 1329.720 ) ( 1337.720, 1469.000 )


OVERLAP: Blockage of Cell IOFILLER_N_90 & Blockage of Cell IOFILLER_N_89  ( metal3 )
Bounds : ( 1337.340, 1329.720 ) ( 1337.720, 1469.000 )


OVERLAP: Blockage of Cell IOFILLER_N_90 & Blockage of Cell IOFILLER_N_89  ( metal2 )
Bounds : ( 1337.340, 1329.720 ) ( 1337.720, 1469.000 )


OVERLAP: Blockage of Cell IOFILLER_N_90 & Blockage of Cell IOFILLER_N_89  ( metal1 )
Bounds : ( 1337.340, 1329.720 ) ( 1337.720, 1469.000 )


OVERLAP: Cell IOFILLER_N_85 & Cell IOFILLER_N_86
Bounds : ( 1143.420, 1328.880 ) ( 1143.800, 1469.000 )


OVERLAP: Blockage of Cell IOFILLER_N_86 & Blockage of Cell IOFILLER_N_85  ( metal6 )
Bounds : ( 1143.420, 1329.720 ) ( 1143.800, 1469.000 )


OVERLAP: Blockage of Cell IOFILLER_N_86 & Blockage of Cell IOFILLER_N_85  ( metal5 )
Bounds : ( 1143.420, 1329.720 ) ( 1143.800, 1469.000 )


OVERLAP: Blockage of Cell IOFILLER_N_86 & Blockage of Cell IOFILLER_N_85  ( metal4 )
Bounds : ( 1143.420, 1329.720 ) ( 1143.800, 1469.000 )


OVERLAP: Blockage of Cell IOFILLER_N_86 & Blockage of Cell IOFILLER_N_85  ( metal3 )
Bounds : ( 1143.420, 1329.720 ) ( 1143.800, 1469.000 )


OVERLAP: Blockage of Cell IOFILLER_N_86 & Blockage of Cell IOFILLER_N_85  ( metal2 )
Bounds : ( 1143.420, 1329.720 ) ( 1143.800, 1469.000 )


OVERLAP: Blockage of Cell IOFILLER_N_86 & Blockage of Cell IOFILLER_N_85  ( metal1 )
Bounds : ( 1143.420, 1329.720 ) ( 1143.800, 1469.000 )


OVERLAP: Cell IOFILLER_N_87 & Cell IOFILLER_N_88
Bounds : ( 1240.380, 1328.880 ) ( 1240.760, 1469.000 )


OVERLAP: Blockage of Cell IOFILLER_N_88 & Blockage of Cell IOFILLER_N_87  ( metal6 )
Bounds : ( 1240.380, 1329.720 ) ( 1240.760, 1469.000 )


OVERLAP: Blockage of Cell IOFILLER_N_88 & Blockage of Cell IOFILLER_N_87  ( metal5 )
Bounds : ( 1240.380, 1329.720 ) ( 1240.760, 1469.000 )


OVERLAP: Blockage of Cell IOFILLER_N_88 & Blockage of Cell IOFILLER_N_87  ( metal4 )
Bounds : ( 1240.380, 1329.720 ) ( 1240.760, 1469.000 )


OVERLAP: Blockage of Cell IOFILLER_N_88 & Blockage of Cell IOFILLER_N_87  ( metal3 )
Bounds : ( 1240.380, 1329.720 ) ( 1240.760, 1469.000 )


OVERLAP: Blockage of Cell IOFILLER_N_88 & Blockage of Cell IOFILLER_N_87  ( metal2 )
Bounds : ( 1240.380, 1329.720 ) ( 1240.760, 1469.000 )


OVERLAP: Blockage of Cell IOFILLER_N_88 & Blockage of Cell IOFILLER_N_87  ( metal1 )
Bounds : ( 1240.380, 1329.720 ) ( 1240.760, 1469.000 )


SHORT: Pin of Cell ipad_data_a_i_3 & Blockage of Cell BPad_ipad_data_a_i_3  ( metal6 )
Bounds : ( 1162.040, 1469.000 ) ( 1188.660, 1469.000 )


SHORT: Pin of Cell ipad_data_a_i_3 & Blockage of Cell BPad_ipad_data_a_i_3  ( metal5 )
Bounds : ( 1162.040, 1469.000 ) ( 1188.660, 1469.000 )


SHORT: Pin of Cell ipad_data_a_i_3 & Blockage of Cell BPad_ipad_data_a_i_3  ( metal4 )
Bounds : ( 1162.040, 1469.000 ) ( 1188.660, 1469.000 )


SHORT: Pin of Cell ipad_data_a_i_4 & Blockage of Cell BPad_ipad_data_a_i_4  ( metal6 )
Bounds : ( 1259.000, 1469.000 ) ( 1285.620, 1469.000 )


SHORT: Pin of Cell ipad_data_a_i_4 & Blockage of Cell BPad_ipad_data_a_i_4  ( metal5 )
Bounds : ( 1259.000, 1469.000 ) ( 1285.620, 1469.000 )


SHORT: Pin of Cell ipad_data_a_i_4 & Blockage of Cell BPad_ipad_data_a_i_4  ( metal4 )
Bounds : ( 1259.000, 1469.000 ) ( 1285.620, 1469.000 )


OVERLAP: Cell IOFILLER_E_64 & Cell IOFILLER_E_75
Bounds : ( 1337.960, 1214.490 ) ( 1478.080, 1214.810 )


OVERLAP: Blockage of Cell IOFILLER_E_75 & Blockage of Cell IOFILLER_E_64  ( metal6 )
Bounds : ( 1338.800, 1214.490 ) ( 1478.080, 1214.810 )


OVERLAP: Blockage of Cell IOFILLER_E_75 & Blockage of Cell IOFILLER_E_64  ( metal5 )
Bounds : ( 1338.800, 1214.490 ) ( 1478.080, 1214.810 )


OVERLAP: Blockage of Cell IOFILLER_E_75 & Blockage of Cell IOFILLER_E_64  ( metal4 )
Bounds : ( 1338.800, 1214.490 ) ( 1478.080, 1214.810 )


OVERLAP: Blockage of Cell IOFILLER_E_75 & Blockage of Cell IOFILLER_E_64  ( metal3 )
Bounds : ( 1338.800, 1214.490 ) ( 1478.080, 1214.810 )


OVERLAP: Blockage of Cell IOFILLER_E_75 & Blockage of Cell IOFILLER_E_64  ( metal2 )
Bounds : ( 1338.800, 1214.490 ) ( 1478.080, 1214.810 )


OVERLAP: Blockage of Cell IOFILLER_E_75 & Blockage of Cell IOFILLER_E_64  ( metal1 )
Bounds : ( 1338.800, 1214.490 ) ( 1478.080, 1214.810 )


SHORT: Pin of Cell ipad_data_o_14 & Blockage of Cell BPad_ipad_data_o_14  ( metal6 )
Bounds : ( 1478.080, 1119.350 ) ( 1478.080, 1145.970 )


SHORT: Pin of Cell ipad_data_o_14 & Blockage of Cell BPad_ipad_data_o_14  ( metal5 )
Bounds : ( 1478.080, 1119.350 ) ( 1478.080, 1145.970 )


SHORT: Pin of Cell ipad_data_o_14 & Blockage of Cell BPad_ipad_data_o_14  ( metal4 )
Bounds : ( 1478.080, 1119.350 ) ( 1478.080, 1145.970 )


SHORT: Pin of Cell ipad_data_o_15 & Blockage of Cell BPad_ipad_data_o_15  ( metal6 )
Bounds : ( 1478.080, 1233.110 ) ( 1478.080, 1259.730 )


SHORT: Pin of Cell ipad_data_o_15 & Blockage of Cell BPad_ipad_data_o_15  ( metal5 )
Bounds : ( 1478.080, 1233.110 ) ( 1478.080, 1259.730 )


SHORT: Pin of Cell ipad_data_o_15 & Blockage of Cell BPad_ipad_data_o_15  ( metal4 )
Bounds : ( 1478.080, 1233.110 ) ( 1478.080, 1259.730 )


OVERLAP: Cell IOFILLER_N_81 & Cell IOFILLER_N_82
Bounds : ( 949.500, 1328.880 ) ( 949.880, 1469.000 )


OVERLAP: Blockage of Cell IOFILLER_N_82 & Blockage of Cell IOFILLER_N_81  ( metal6 )
Bounds : ( 949.500, 1329.720 ) ( 949.880, 1469.000 )


OVERLAP: Blockage of Cell IOFILLER_N_82 & Blockage of Cell IOFILLER_N_81  ( metal5 )
Bounds : ( 949.500, 1329.720 ) ( 949.880, 1469.000 )


OVERLAP: Blockage of Cell IOFILLER_N_82 & Blockage of Cell IOFILLER_N_81  ( metal4 )
Bounds : ( 949.500, 1329.720 ) ( 949.880, 1469.000 )


OVERLAP: Blockage of Cell IOFILLER_N_82 & Blockage of Cell IOFILLER_N_81  ( metal3 )
Bounds : ( 949.500, 1329.720 ) ( 949.880, 1469.000 )


OVERLAP: Blockage of Cell IOFILLER_N_82 & Blockage of Cell IOFILLER_N_81  ( metal2 )
Bounds : ( 949.500, 1329.720 ) ( 949.880, 1469.000 )


OVERLAP: Blockage of Cell IOFILLER_N_82 & Blockage of Cell IOFILLER_N_81  ( metal1 )
Bounds : ( 949.500, 1329.720 ) ( 949.880, 1469.000 )


OVERLAP: Cell IOFILLER_N_83 & Cell IOFILLER_N_84
Bounds : ( 1046.460, 1328.880 ) ( 1046.840, 1469.000 )


OVERLAP: Blockage of Cell IOFILLER_N_84 & Blockage of Cell IOFILLER_N_83  ( metal6 )
Bounds : ( 1046.460, 1329.720 ) ( 1046.840, 1469.000 )


OVERLAP: Blockage of Cell IOFILLER_N_84 & Blockage of Cell IOFILLER_N_83  ( metal5 )
Bounds : ( 1046.460, 1329.720 ) ( 1046.840, 1469.000 )


OVERLAP: Blockage of Cell IOFILLER_N_84 & Blockage of Cell IOFILLER_N_83  ( metal4 )
Bounds : ( 1046.460, 1329.720 ) ( 1046.840, 1469.000 )


OVERLAP: Blockage of Cell IOFILLER_N_84 & Blockage of Cell IOFILLER_N_83  ( metal3 )
Bounds : ( 1046.460, 1329.720 ) ( 1046.840, 1469.000 )


OVERLAP: Blockage of Cell IOFILLER_N_84 & Blockage of Cell IOFILLER_N_83  ( metal2 )
Bounds : ( 1046.460, 1329.720 ) ( 1046.840, 1469.000 )


OVERLAP: Blockage of Cell IOFILLER_N_84 & Blockage of Cell IOFILLER_N_83  ( metal1 )
Bounds : ( 1046.460, 1329.720 ) ( 1046.840, 1469.000 )


SHORT: Pin of Cell ipad_data_a_i_1 & Blockage of Cell BPad_ipad_data_a_i_1  ( metal6 )
Bounds : ( 968.120, 1469.000 ) ( 994.740, 1469.000 )


SHORT: Pin of Cell ipad_data_a_i_1 & Blockage of Cell BPad_ipad_data_a_i_1  ( metal5 )
Bounds : ( 968.120, 1469.000 ) ( 994.740, 1469.000 )


SHORT: Pin of Cell ipad_data_a_i_1 & Blockage of Cell BPad_ipad_data_a_i_1  ( metal4 )
Bounds : ( 968.120, 1469.000 ) ( 994.740, 1469.000 )


SHORT: Pin of Cell ipad_data_a_i_2 & Blockage of Cell BPad_ipad_data_a_i_2  ( metal6 )
Bounds : ( 1065.080, 1469.000 ) ( 1091.700, 1469.000 )


SHORT: Pin of Cell ipad_data_a_i_2 & Blockage of Cell BPad_ipad_data_a_i_2  ( metal5 )
Bounds : ( 1065.080, 1469.000 ) ( 1091.700, 1469.000 )


SHORT: Pin of Cell ipad_data_a_i_2 & Blockage of Cell BPad_ipad_data_a_i_2  ( metal4 )
Bounds : ( 1065.080, 1469.000 ) ( 1091.700, 1469.000 )


OVERLAP: Cell IOFILLER_N_79 & Cell IOFILLER_N_80
Bounds : ( 852.540, 1328.880 ) ( 852.930, 1469.000 )


OVERLAP: Blockage of Cell IOFILLER_N_80 & Blockage of Cell IOFILLER_N_79  ( metal6 )
Bounds : ( 852.540, 1329.720 ) ( 852.930, 1469.000 )


OVERLAP: Blockage of Cell IOFILLER_N_80 & Blockage of Cell IOFILLER_N_79  ( metal5 )
Bounds : ( 852.540, 1329.720 ) ( 852.930, 1469.000 )


OVERLAP: Blockage of Cell IOFILLER_N_80 & Blockage of Cell IOFILLER_N_79  ( metal4 )
Bounds : ( 852.540, 1329.720 ) ( 852.930, 1469.000 )


OVERLAP: Blockage of Cell IOFILLER_N_80 & Blockage of Cell IOFILLER_N_79  ( metal3 )
Bounds : ( 852.540, 1329.720 ) ( 852.930, 1469.000 )


OVERLAP: Blockage of Cell IOFILLER_N_80 & Blockage of Cell IOFILLER_N_79  ( metal2 )
Bounds : ( 852.540, 1329.720 ) ( 852.930, 1469.000 )


OVERLAP: Blockage of Cell IOFILLER_N_80 & Blockage of Cell IOFILLER_N_79  ( metal1 )
Bounds : ( 852.540, 1329.720 ) ( 852.930, 1469.000 )


OVERLAP: Cell IOFILLER_N_77 & Cell IOFILLER_N_78
Bounds : ( 755.590, 1328.880 ) ( 755.980, 1469.000 )


OVERLAP: Blockage of Cell IOFILLER_N_78 & Blockage of Cell IOFILLER_N_77  ( metal6 )
Bounds : ( 755.590, 1329.720 ) ( 755.980, 1469.000 )


OVERLAP: Blockage of Cell IOFILLER_N_78 & Blockage of Cell IOFILLER_N_77  ( metal5 )
Bounds : ( 755.590, 1329.720 ) ( 755.980, 1469.000 )


OVERLAP: Blockage of Cell IOFILLER_N_78 & Blockage of Cell IOFILLER_N_77  ( metal4 )
Bounds : ( 755.590, 1329.720 ) ( 755.980, 1469.000 )


OVERLAP: Blockage of Cell IOFILLER_N_78 & Blockage of Cell IOFILLER_N_77  ( metal3 )
Bounds : ( 755.590, 1329.720 ) ( 755.980, 1469.000 )


OVERLAP: Blockage of Cell IOFILLER_N_78 & Blockage of Cell IOFILLER_N_77  ( metal2 )
Bounds : ( 755.590, 1329.720 ) ( 755.980, 1469.000 )


OVERLAP: Blockage of Cell IOFILLER_N_78 & Blockage of Cell IOFILLER_N_77  ( metal1 )
Bounds : ( 755.590, 1329.720 ) ( 755.980, 1469.000 )


SHORT: Pin of Cell ipad_CoreVSS1 & Blockage of Cell BPad_ipad_CoreVSS1  ( metal6 )
Bounds : ( 774.210, 1469.000 ) ( 800.830, 1469.000 )


SHORT: Pin of Cell ipad_CoreVSS1 & Blockage of Cell BPad_ipad_CoreVSS1  ( metal5 )
Bounds : ( 774.210, 1469.000 ) ( 800.830, 1469.000 )


SHORT: Pin of Cell ipad_CoreVSS1 & Blockage of Cell BPad_ipad_CoreVSS1  ( metal4 )
Bounds : ( 774.210, 1469.000 ) ( 800.830, 1469.000 )


SHORT: Pin of Cell ipad_data_a_i_0 & Blockage of Cell BPad_ipad_data_a_i_0  ( metal6 )
Bounds : ( 871.160, 1469.000 ) ( 897.780, 1469.000 )


SHORT: Pin of Cell ipad_data_a_i_0 & Blockage of Cell BPad_ipad_data_a_i_0  ( metal5 )
Bounds : ( 871.160, 1469.000 ) ( 897.780, 1469.000 )


SHORT: Pin of Cell ipad_data_a_i_0 & Blockage of Cell BPad_ipad_data_a_i_0  ( metal4 )
Bounds : ( 871.160, 1469.000 ) ( 897.780, 1469.000 )


OVERLAP: Cell IOFILLER_E_63 & Cell IOFILLER_E_74
Bounds : ( 1337.960, 1100.730 ) ( 1478.080, 1101.050 )


OVERLAP: Blockage of Cell IOFILLER_E_74 & Blockage of Cell IOFILLER_E_63  ( metal6 )
Bounds : ( 1338.800, 1100.730 ) ( 1478.080, 1101.050 )


OVERLAP: Blockage of Cell IOFILLER_E_74 & Blockage of Cell IOFILLER_E_63  ( metal5 )
Bounds : ( 1338.800, 1100.730 ) ( 1478.080, 1101.050 )


OVERLAP: Blockage of Cell IOFILLER_E_74 & Blockage of Cell IOFILLER_E_63  ( metal4 )
Bounds : ( 1338.800, 1100.730 ) ( 1478.080, 1101.050 )


OVERLAP: Blockage of Cell IOFILLER_E_74 & Blockage of Cell IOFILLER_E_63  ( metal3 )
Bounds : ( 1338.800, 1100.730 ) ( 1478.080, 1101.050 )


OVERLAP: Blockage of Cell IOFILLER_E_74 & Blockage of Cell IOFILLER_E_63  ( metal2 )
Bounds : ( 1338.800, 1100.730 ) ( 1478.080, 1101.050 )


OVERLAP: Blockage of Cell IOFILLER_E_74 & Blockage of Cell IOFILLER_E_63  ( metal1 )
Bounds : ( 1338.800, 1100.730 ) ( 1478.080, 1101.050 )


OVERLAP: Cell IOFILLER_E_62 & Cell IOFILLER_E_73
Bounds : ( 1337.960, 986.970 ) ( 1478.080, 987.290 )


OVERLAP: Blockage of Cell IOFILLER_E_73 & Blockage of Cell IOFILLER_E_62  ( metal6 )
Bounds : ( 1338.800, 986.970 ) ( 1478.080, 987.290 )


OVERLAP: Blockage of Cell IOFILLER_E_73 & Blockage of Cell IOFILLER_E_62  ( metal5 )
Bounds : ( 1338.800, 986.970 ) ( 1478.080, 987.290 )


OVERLAP: Blockage of Cell IOFILLER_E_73 & Blockage of Cell IOFILLER_E_62  ( metal4 )
Bounds : ( 1338.800, 986.970 ) ( 1478.080, 987.290 )


OVERLAP: Blockage of Cell IOFILLER_E_73 & Blockage of Cell IOFILLER_E_62  ( metal3 )
Bounds : ( 1338.800, 986.970 ) ( 1478.080, 987.290 )


OVERLAP: Blockage of Cell IOFILLER_E_73 & Blockage of Cell IOFILLER_E_62  ( metal2 )
Bounds : ( 1338.800, 986.970 ) ( 1478.080, 987.290 )


OVERLAP: Blockage of Cell IOFILLER_E_73 & Blockage of Cell IOFILLER_E_62  ( metal1 )
Bounds : ( 1338.800, 986.970 ) ( 1478.080, 987.290 )


SHORT: Pin of Cell ipad_data_o_13 & Blockage of Cell BPad_ipad_data_o_13  ( metal6 )
Bounds : ( 1478.080, 1005.590 ) ( 1478.080, 1032.210 )


SHORT: Pin of Cell ipad_data_o_13 & Blockage of Cell BPad_ipad_data_o_13  ( metal5 )
Bounds : ( 1478.080, 1005.590 ) ( 1478.080, 1032.210 )


SHORT: Pin of Cell ipad_data_o_13 & Blockage of Cell BPad_ipad_data_o_13  ( metal4 )
Bounds : ( 1478.080, 1005.590 ) ( 1478.080, 1032.210 )


OVERLAP: Cell IOFILLER_E_61 & Cell IOFILLER_E_72
Bounds : ( 1337.960, 873.210 ) ( 1478.080, 873.530 )


OVERLAP: Blockage of Cell IOFILLER_E_72 & Blockage of Cell IOFILLER_E_61  ( metal6 )
Bounds : ( 1338.800, 873.210 ) ( 1478.080, 873.530 )


OVERLAP: Blockage of Cell IOFILLER_E_72 & Blockage of Cell IOFILLER_E_61  ( metal5 )
Bounds : ( 1338.800, 873.210 ) ( 1478.080, 873.530 )


OVERLAP: Blockage of Cell IOFILLER_E_72 & Blockage of Cell IOFILLER_E_61  ( metal4 )
Bounds : ( 1338.800, 873.210 ) ( 1478.080, 873.530 )


OVERLAP: Blockage of Cell IOFILLER_E_72 & Blockage of Cell IOFILLER_E_61  ( metal3 )
Bounds : ( 1338.800, 873.210 ) ( 1478.080, 873.530 )


OVERLAP: Blockage of Cell IOFILLER_E_72 & Blockage of Cell IOFILLER_E_61  ( metal2 )
Bounds : ( 1338.800, 873.210 ) ( 1478.080, 873.530 )


OVERLAP: Blockage of Cell IOFILLER_E_72 & Blockage of Cell IOFILLER_E_61  ( metal1 )
Bounds : ( 1338.800, 873.210 ) ( 1478.080, 873.530 )


OVERLAP: Cell IOFILLER_E_60 & Cell IOFILLER_E_71
Bounds : ( 1337.960, 759.450 ) ( 1478.080, 759.770 )


OVERLAP: Blockage of Cell IOFILLER_E_71 & Blockage of Cell IOFILLER_E_60  ( metal6 )
Bounds : ( 1338.800, 759.450 ) ( 1478.080, 759.770 )


OVERLAP: Blockage of Cell IOFILLER_E_71 & Blockage of Cell IOFILLER_E_60  ( metal5 )
Bounds : ( 1338.800, 759.450 ) ( 1478.080, 759.770 )


OVERLAP: Blockage of Cell IOFILLER_E_71 & Blockage of Cell IOFILLER_E_60  ( metal4 )
Bounds : ( 1338.800, 759.450 ) ( 1478.080, 759.770 )


OVERLAP: Blockage of Cell IOFILLER_E_71 & Blockage of Cell IOFILLER_E_60  ( metal3 )
Bounds : ( 1338.800, 759.450 ) ( 1478.080, 759.770 )


OVERLAP: Blockage of Cell IOFILLER_E_71 & Blockage of Cell IOFILLER_E_60  ( metal2 )
Bounds : ( 1338.800, 759.450 ) ( 1478.080, 759.770 )


OVERLAP: Blockage of Cell IOFILLER_E_71 & Blockage of Cell IOFILLER_E_60  ( metal1 )
Bounds : ( 1338.800, 759.450 ) ( 1478.080, 759.770 )


SHORT: Pin of Cell ipad_IOVSS2 & Blockage of Cell BPad_ipad_IOVSS2  ( metal6 )
Bounds : ( 1478.080, 778.070 ) ( 1478.080, 804.690 )


SHORT: Pin of Cell ipad_IOVSS2 & Blockage of Cell BPad_ipad_IOVSS2  ( metal5 )
Bounds : ( 1478.080, 778.070 ) ( 1478.080, 804.690 )


SHORT: Pin of Cell ipad_IOVSS2 & Blockage of Cell BPad_ipad_IOVSS2  ( metal4 )
Bounds : ( 1478.080, 778.070 ) ( 1478.080, 804.690 )


SHORT: Pin of Cell ipad_data_o_12 & Blockage of Cell BPad_ipad_data_o_12  ( metal6 )
Bounds : ( 1478.080, 891.830 ) ( 1478.080, 918.450 )


SHORT: Pin of Cell ipad_data_o_12 & Blockage of Cell BPad_ipad_data_o_12  ( metal5 )
Bounds : ( 1478.080, 891.830 ) ( 1478.080, 918.450 )


SHORT: Pin of Cell ipad_data_o_12 & Blockage of Cell BPad_ipad_data_o_12  ( metal4 )
Bounds : ( 1478.080, 891.830 ) ( 1478.080, 918.450 )


SHORT: Pin of Cell ipad_CoreVDD1 & Blockage of Cell BPad_ipad_CoreVDD1  ( metal6 )
Bounds : ( 677.260, 1469.000 ) ( 703.880, 1469.000 )


SHORT: Pin of Cell ipad_CoreVDD1 & Blockage of Cell BPad_ipad_CoreVDD1  ( metal4 )
Bounds : ( 677.260, 1469.000 ) ( 703.880, 1469.000 )


SHORT: Pin of Cell ipad_CoreVDD1 & Blockage of Cell BPad_ipad_CoreVDD1  ( metal5 )
Bounds : ( 677.260, 1469.000 ) ( 703.880, 1469.000 )


OVERLAP: Cell IOFILLER_N_73 & Cell IOFILLER_N_74
Bounds : ( 561.680, 1328.880 ) ( 562.060, 1469.000 )


OVERLAP: Blockage of Cell IOFILLER_N_74 & Blockage of Cell IOFILLER_N_73  ( metal6 )
Bounds : ( 561.680, 1329.720 ) ( 562.060, 1469.000 )


OVERLAP: Blockage of Cell IOFILLER_N_74 & Blockage of Cell IOFILLER_N_73  ( metal5 )
Bounds : ( 561.680, 1329.720 ) ( 562.060, 1469.000 )


OVERLAP: Blockage of Cell IOFILLER_N_74 & Blockage of Cell IOFILLER_N_73  ( metal4 )
Bounds : ( 561.680, 1329.720 ) ( 562.060, 1469.000 )


OVERLAP: Blockage of Cell IOFILLER_N_74 & Blockage of Cell IOFILLER_N_73  ( metal3 )
Bounds : ( 561.680, 1329.720 ) ( 562.060, 1469.000 )


OVERLAP: Blockage of Cell IOFILLER_N_74 & Blockage of Cell IOFILLER_N_73  ( metal2 )
Bounds : ( 561.680, 1329.720 ) ( 562.060, 1469.000 )


OVERLAP: Blockage of Cell IOFILLER_N_74 & Blockage of Cell IOFILLER_N_73  ( metal1 )
Bounds : ( 561.680, 1329.720 ) ( 562.060, 1469.000 )


OVERLAP: Cell IOFILLER_N_75 & Cell IOFILLER_N_76
Bounds : ( 658.640, 1328.880 ) ( 659.020, 1469.000 )


OVERLAP: Blockage of Cell IOFILLER_N_76 & Blockage of Cell IOFILLER_N_75  ( metal6 )
Bounds : ( 658.640, 1329.720 ) ( 659.020, 1469.000 )


OVERLAP: Blockage of Cell IOFILLER_N_76 & Blockage of Cell IOFILLER_N_75  ( metal5 )
Bounds : ( 658.640, 1329.720 ) ( 659.020, 1469.000 )


OVERLAP: Blockage of Cell IOFILLER_N_76 & Blockage of Cell IOFILLER_N_75  ( metal4 )
Bounds : ( 658.640, 1329.720 ) ( 659.020, 1469.000 )


OVERLAP: Blockage of Cell IOFILLER_N_76 & Blockage of Cell IOFILLER_N_75  ( metal3 )
Bounds : ( 658.640, 1329.720 ) ( 659.020, 1469.000 )


OVERLAP: Blockage of Cell IOFILLER_N_76 & Blockage of Cell IOFILLER_N_75  ( metal2 )
Bounds : ( 658.640, 1329.720 ) ( 659.020, 1469.000 )


OVERLAP: Blockage of Cell IOFILLER_N_76 & Blockage of Cell IOFILLER_N_75  ( metal1 )
Bounds : ( 658.640, 1329.720 ) ( 659.020, 1469.000 )


SHORT: Pin of Cell ipad_inst_i_2 & Blockage of Cell BPad_ipad_inst_i_2  ( metal6 )
Bounds : ( 580.300, 1469.000 ) ( 606.920, 1469.000 )


SHORT: Pin of Cell ipad_inst_i_2 & Blockage of Cell BPad_ipad_inst_i_2  ( metal5 )
Bounds : ( 580.300, 1469.000 ) ( 606.920, 1469.000 )


SHORT: Pin of Cell ipad_inst_i_2 & Blockage of Cell BPad_ipad_inst_i_2  ( metal4 )
Bounds : ( 580.300, 1469.000 ) ( 606.920, 1469.000 )


OVERLAP: Cell IOFILLER_N_71 & Cell IOFILLER_N_72
Bounds : ( 464.720, 1328.880 ) ( 465.100, 1469.000 )


OVERLAP: Blockage of Cell IOFILLER_N_72 & Blockage of Cell IOFILLER_N_71  ( metal6 )
Bounds : ( 464.720, 1329.720 ) ( 465.100, 1469.000 )


OVERLAP: Blockage of Cell IOFILLER_N_72 & Blockage of Cell IOFILLER_N_71  ( metal5 )
Bounds : ( 464.720, 1329.720 ) ( 465.100, 1469.000 )


OVERLAP: Blockage of Cell IOFILLER_N_72 & Blockage of Cell IOFILLER_N_71  ( metal4 )
Bounds : ( 464.720, 1329.720 ) ( 465.100, 1469.000 )


OVERLAP: Blockage of Cell IOFILLER_N_72 & Blockage of Cell IOFILLER_N_71  ( metal3 )
Bounds : ( 464.720, 1329.720 ) ( 465.100, 1469.000 )


OVERLAP: Blockage of Cell IOFILLER_N_72 & Blockage of Cell IOFILLER_N_71  ( metal2 )
Bounds : ( 464.720, 1329.720 ) ( 465.100, 1469.000 )


OVERLAP: Blockage of Cell IOFILLER_N_72 & Blockage of Cell IOFILLER_N_71  ( metal1 )
Bounds : ( 464.720, 1329.720 ) ( 465.100, 1469.000 )


SHORT: Pin of Cell ipad_inst_i_0 & Blockage of Cell BPad_ipad_inst_i_0  ( metal6 )
Bounds : ( 386.380, 1469.000 ) ( 413.000, 1469.000 )


SHORT: Pin of Cell ipad_inst_i_0 & Blockage of Cell BPad_ipad_inst_i_0  ( metal5 )
Bounds : ( 386.380, 1469.000 ) ( 413.000, 1469.000 )


SHORT: Pin of Cell ipad_inst_i_0 & Blockage of Cell BPad_ipad_inst_i_0  ( metal4 )
Bounds : ( 386.380, 1469.000 ) ( 413.000, 1469.000 )


SHORT: Pin of Cell ipad_inst_i_1 & Blockage of Cell BPad_ipad_inst_i_1  ( metal6 )
Bounds : ( 483.340, 1469.000 ) ( 509.960, 1469.000 )


SHORT: Pin of Cell ipad_inst_i_1 & Blockage of Cell BPad_ipad_inst_i_1  ( metal5 )
Bounds : ( 483.340, 1469.000 ) ( 509.960, 1469.000 )


SHORT: Pin of Cell ipad_inst_i_1 & Blockage of Cell BPad_ipad_inst_i_1  ( metal4 )
Bounds : ( 483.340, 1469.000 ) ( 509.960, 1469.000 )


OVERLAP: Cell IOFILLER_N_67 & Cell IOFILLER_N_68
Bounds : ( 270.800, 1328.880 ) ( 271.180, 1469.000 )


OVERLAP: Blockage of Cell IOFILLER_N_68 & Blockage of Cell IOFILLER_N_67  ( metal6 )
Bounds : ( 270.800, 1329.720 ) ( 271.180, 1469.000 )


OVERLAP: Blockage of Cell IOFILLER_N_68 & Blockage of Cell IOFILLER_N_67  ( metal5 )
Bounds : ( 270.800, 1329.720 ) ( 271.180, 1469.000 )


OVERLAP: Blockage of Cell IOFILLER_N_68 & Blockage of Cell IOFILLER_N_67  ( metal4 )
Bounds : ( 270.800, 1329.720 ) ( 271.180, 1469.000 )


OVERLAP: Blockage of Cell IOFILLER_N_68 & Blockage of Cell IOFILLER_N_67  ( metal3 )
Bounds : ( 270.800, 1329.720 ) ( 271.180, 1469.000 )


OVERLAP: Blockage of Cell IOFILLER_N_68 & Blockage of Cell IOFILLER_N_67  ( metal2 )
Bounds : ( 270.800, 1329.720 ) ( 271.180, 1469.000 )


OVERLAP: Blockage of Cell IOFILLER_N_68 & Blockage of Cell IOFILLER_N_67  ( metal1 )
Bounds : ( 270.800, 1329.720 ) ( 271.180, 1469.000 )


OVERLAP: Cell IOFILLER_N_69 & Cell IOFILLER_N_70
Bounds : ( 367.760, 1328.880 ) ( 368.140, 1469.000 )


OVERLAP: Blockage of Cell IOFILLER_N_70 & Blockage of Cell IOFILLER_N_69  ( metal6 )
Bounds : ( 367.760, 1329.720 ) ( 368.140, 1469.000 )


OVERLAP: Blockage of Cell IOFILLER_N_70 & Blockage of Cell IOFILLER_N_69  ( metal5 )
Bounds : ( 367.760, 1329.720 ) ( 368.140, 1469.000 )


OVERLAP: Blockage of Cell IOFILLER_N_70 & Blockage of Cell IOFILLER_N_69  ( metal4 )
Bounds : ( 367.760, 1329.720 ) ( 368.140, 1469.000 )


OVERLAP: Blockage of Cell IOFILLER_N_70 & Blockage of Cell IOFILLER_N_69  ( metal3 )
Bounds : ( 367.760, 1329.720 ) ( 368.140, 1469.000 )


OVERLAP: Blockage of Cell IOFILLER_N_70 & Blockage of Cell IOFILLER_N_69  ( metal2 )
Bounds : ( 367.760, 1329.720 ) ( 368.140, 1469.000 )


OVERLAP: Blockage of Cell IOFILLER_N_70 & Blockage of Cell IOFILLER_N_69  ( metal1 )
Bounds : ( 367.760, 1329.720 ) ( 368.140, 1469.000 )


SHORT: Pin of Cell ipad_reset_n_i & Blockage of Cell BPad_ipad_reset_n_i  ( metal6 )
Bounds : ( 289.420, 1469.000 ) ( 316.040, 1469.000 )


SHORT: Pin of Cell ipad_reset_n_i & Blockage of Cell BPad_ipad_reset_n_i  ( metal5 )
Bounds : ( 289.420, 1469.000 ) ( 316.040, 1469.000 )


SHORT: Pin of Cell ipad_reset_n_i & Blockage of Cell BPad_ipad_reset_n_i  ( metal4 )
Bounds : ( 289.420, 1469.000 ) ( 316.040, 1469.000 )


SHORT: Pin of Cell ipad_clk_p_i & Blockage of Cell BPad_ipad_clk_p_i  ( metal6 )
Bounds : ( 192.460, 1469.000 ) ( 219.080, 1469.000 )


SHORT: Pin of Cell ipad_clk_p_i & Blockage of Cell BPad_ipad_clk_p_i  ( metal5 )
Bounds : ( 192.460, 1469.000 ) ( 219.080, 1469.000 )


SHORT: Pin of Cell ipad_clk_p_i & Blockage of Cell BPad_ipad_clk_p_i  ( metal4 )
Bounds : ( 192.460, 1469.000 ) ( 219.080, 1469.000 )


OVERLAP: Cell IOFILLER_W_82 & Cell IOFILLER_W_83
Bounds : ( 0.000, 1328.260 ) ( 140.120, 1328.770 )


OVERLAP: Blockage of Cell IOFILLER_W_83 & Blockage of Cell IOFILLER_W_82  ( metal6 )
Bounds : ( 0.000, 1328.260 ) ( 139.280, 1328.770 )


OVERLAP: Blockage of Cell IOFILLER_W_83 & Blockage of Cell IOFILLER_W_82  ( metal5 )
Bounds : ( 0.000, 1328.260 ) ( 139.280, 1328.770 )


OVERLAP: Blockage of Cell IOFILLER_W_83 & Blockage of Cell IOFILLER_W_82  ( metal4 )
Bounds : ( 0.000, 1328.260 ) ( 139.280, 1328.770 )


OVERLAP: Blockage of Cell IOFILLER_W_83 & Blockage of Cell IOFILLER_W_82  ( metal3 )
Bounds : ( 0.000, 1328.260 ) ( 139.280, 1328.770 )


OVERLAP: Blockage of Cell IOFILLER_W_83 & Blockage of Cell IOFILLER_W_82  ( metal2 )
Bounds : ( 0.000, 1328.260 ) ( 139.280, 1328.770 )


OVERLAP: Blockage of Cell IOFILLER_W_83 & Blockage of Cell IOFILLER_W_82  ( metal1 )
Bounds : ( 0.000, 1328.260 ) ( 139.280, 1328.770 )


OVERLAP: Cell IOFILLER_N_65 & Cell IOFILLER_N_66
Bounds : ( 173.840, 1328.880 ) ( 174.220, 1469.000 )


OVERLAP: Blockage of Cell IOFILLER_N_66 & Blockage of Cell IOFILLER_N_65  ( metal6 )
Bounds : ( 173.840, 1329.720 ) ( 174.220, 1469.000 )


OVERLAP: Blockage of Cell IOFILLER_N_66 & Blockage of Cell IOFILLER_N_65  ( metal5 )
Bounds : ( 173.840, 1329.720 ) ( 174.220, 1469.000 )


OVERLAP: Blockage of Cell IOFILLER_N_66 & Blockage of Cell IOFILLER_N_65  ( metal4 )
Bounds : ( 173.840, 1329.720 ) ( 174.220, 1469.000 )


OVERLAP: Blockage of Cell IOFILLER_N_66 & Blockage of Cell IOFILLER_N_65  ( metal3 )
Bounds : ( 173.840, 1329.720 ) ( 174.220, 1469.000 )


OVERLAP: Blockage of Cell IOFILLER_N_66 & Blockage of Cell IOFILLER_N_65  ( metal2 )
Bounds : ( 173.840, 1329.720 ) ( 174.220, 1469.000 )


OVERLAP: Blockage of Cell IOFILLER_N_66 & Blockage of Cell IOFILLER_N_65  ( metal1 )
Bounds : ( 173.840, 1329.720 ) ( 174.220, 1469.000 )


OVERLAP: Cell IOFILLER_W_78 & Cell IOFILLER_W_79
Bounds : ( 0.000, 1149.480 ) ( 140.120, 1149.990 )


OVERLAP: Blockage of Cell IOFILLER_W_79 & Blockage of Cell IOFILLER_W_78  ( metal6 )
Bounds : ( 0.000, 1149.480 ) ( 139.280, 1149.990 )


OVERLAP: Blockage of Cell IOFILLER_W_79 & Blockage of Cell IOFILLER_W_78  ( metal5 )
Bounds : ( 0.000, 1149.480 ) ( 139.280, 1149.990 )


OVERLAP: Blockage of Cell IOFILLER_W_79 & Blockage of Cell IOFILLER_W_78  ( metal4 )
Bounds : ( 0.000, 1149.480 ) ( 139.280, 1149.990 )


OVERLAP: Blockage of Cell IOFILLER_W_79 & Blockage of Cell IOFILLER_W_78  ( metal3 )
Bounds : ( 0.000, 1149.480 ) ( 139.280, 1149.990 )


OVERLAP: Blockage of Cell IOFILLER_W_79 & Blockage of Cell IOFILLER_W_78  ( metal2 )
Bounds : ( 0.000, 1149.480 ) ( 139.280, 1149.990 )


OVERLAP: Blockage of Cell IOFILLER_W_79 & Blockage of Cell IOFILLER_W_78  ( metal1 )
Bounds : ( 0.000, 1149.480 ) ( 139.280, 1149.990 )


OVERLAP: Cell IOFILLER_W_80 & Cell IOFILLER_W_81
Bounds : ( 0.000, 1238.870 ) ( 140.120, 1239.380 )


OVERLAP: Blockage of Cell IOFILLER_W_81 & Blockage of Cell IOFILLER_W_80  ( metal6 )
Bounds : ( 0.000, 1238.870 ) ( 139.280, 1239.380 )


OVERLAP: Blockage of Cell IOFILLER_W_81 & Blockage of Cell IOFILLER_W_80  ( metal5 )
Bounds : ( 0.000, 1238.870 ) ( 139.280, 1239.380 )


OVERLAP: Blockage of Cell IOFILLER_W_81 & Blockage of Cell IOFILLER_W_80  ( metal4 )
Bounds : ( 0.000, 1238.870 ) ( 139.280, 1239.380 )


OVERLAP: Blockage of Cell IOFILLER_W_81 & Blockage of Cell IOFILLER_W_80  ( metal3 )
Bounds : ( 0.000, 1238.870 ) ( 139.280, 1239.380 )


OVERLAP: Blockage of Cell IOFILLER_W_81 & Blockage of Cell IOFILLER_W_80  ( metal2 )
Bounds : ( 0.000, 1238.870 ) ( 139.280, 1239.380 )


OVERLAP: Blockage of Cell IOFILLER_W_81 & Blockage of Cell IOFILLER_W_80  ( metal1 )
Bounds : ( 0.000, 1238.870 ) ( 139.280, 1239.380 )


SHORT: Pin of Cell ipad_data_b_i_7 & Blockage of Cell BPad_ipad_data_b_i_7  ( metal6 )
Bounds : ( 0.000, 1257.490 ) ( 0.000, 1284.110 )


SHORT: Pin of Cell ipad_data_b_i_7 & Blockage of Cell BPad_ipad_data_b_i_7  ( metal5 )
Bounds : ( 0.000, 1257.490 ) ( 0.000, 1284.110 )


SHORT: Pin of Cell ipad_data_b_i_7 & Blockage of Cell BPad_ipad_data_b_i_7  ( metal4 )
Bounds : ( 0.000, 1257.490 ) ( 0.000, 1284.110 )


SHORT: Pin of Cell ipad_data_b_i_6 & Blockage of Cell BPad_ipad_data_b_i_6  ( metal6 )
Bounds : ( 0.000, 1168.100 ) ( 0.000, 1194.720 )


SHORT: Pin of Cell ipad_data_b_i_6 & Blockage of Cell BPad_ipad_data_b_i_6  ( metal5 )
Bounds : ( 0.000, 1168.100 ) ( 0.000, 1194.720 )


SHORT: Pin of Cell ipad_data_b_i_6 & Blockage of Cell BPad_ipad_data_b_i_6  ( metal4 )
Bounds : ( 0.000, 1168.100 ) ( 0.000, 1194.720 )


OVERLAP: Cell IOFILLER_W_74 & Cell IOFILLER_W_75
Bounds : ( 0.000, 970.710 ) ( 140.120, 971.230 )


OVERLAP: Blockage of Cell IOFILLER_W_75 & Blockage of Cell IOFILLER_W_74  ( metal6 )
Bounds : ( 0.000, 970.710 ) ( 139.280, 971.230 )


OVERLAP: Blockage of Cell IOFILLER_W_75 & Blockage of Cell IOFILLER_W_74  ( metal5 )
Bounds : ( 0.000, 970.710 ) ( 139.280, 971.230 )


OVERLAP: Blockage of Cell IOFILLER_W_75 & Blockage of Cell IOFILLER_W_74  ( metal4 )
Bounds : ( 0.000, 970.710 ) ( 139.280, 971.230 )


OVERLAP: Blockage of Cell IOFILLER_W_75 & Blockage of Cell IOFILLER_W_74  ( metal3 )
Bounds : ( 0.000, 970.710 ) ( 139.280, 971.230 )


OVERLAP: Blockage of Cell IOFILLER_W_75 & Blockage of Cell IOFILLER_W_74  ( metal2 )
Bounds : ( 0.000, 970.710 ) ( 139.280, 971.230 )


OVERLAP: Blockage of Cell IOFILLER_W_75 & Blockage of Cell IOFILLER_W_74  ( metal1 )
Bounds : ( 0.000, 970.710 ) ( 139.280, 971.230 )


OVERLAP: Cell IOFILLER_W_76 & Cell IOFILLER_W_77
Bounds : ( 0.000, 1060.090 ) ( 140.120, 1060.610 )


OVERLAP: Blockage of Cell IOFILLER_W_77 & Blockage of Cell IOFILLER_W_76  ( metal6 )
Bounds : ( 0.000, 1060.090 ) ( 139.280, 1060.610 )


OVERLAP: Blockage of Cell IOFILLER_W_77 & Blockage of Cell IOFILLER_W_76  ( metal5 )
Bounds : ( 0.000, 1060.090 ) ( 139.280, 1060.610 )


OVERLAP: Blockage of Cell IOFILLER_W_77 & Blockage of Cell IOFILLER_W_76  ( metal4 )
Bounds : ( 0.000, 1060.090 ) ( 139.280, 1060.610 )


OVERLAP: Blockage of Cell IOFILLER_W_77 & Blockage of Cell IOFILLER_W_76  ( metal3 )
Bounds : ( 0.000, 1060.090 ) ( 139.280, 1060.610 )


OVERLAP: Blockage of Cell IOFILLER_W_77 & Blockage of Cell IOFILLER_W_76  ( metal2 )
Bounds : ( 0.000, 1060.090 ) ( 139.280, 1060.610 )


OVERLAP: Blockage of Cell IOFILLER_W_77 & Blockage of Cell IOFILLER_W_76  ( metal1 )
Bounds : ( 0.000, 1060.090 ) ( 139.280, 1060.610 )


SHORT: Pin of Cell ipad_data_b_i_4 & Blockage of Cell BPad_ipad_data_b_i_4  ( metal6 )
Bounds : ( 0.000, 989.330 ) ( 0.000, 1015.950 )


SHORT: Pin of Cell ipad_data_b_i_4 & Blockage of Cell BPad_ipad_data_b_i_4  ( metal5 )
Bounds : ( 0.000, 989.330 ) ( 0.000, 1015.950 )


SHORT: Pin of Cell ipad_data_b_i_4 & Blockage of Cell BPad_ipad_data_b_i_4  ( metal4 )
Bounds : ( 0.000, 989.330 ) ( 0.000, 1015.950 )


OVERLAP: Cell IOFILLER_W_72 & Cell IOFILLER_W_73
Bounds : ( 0.000, 881.330 ) ( 140.120, 881.850 )


OVERLAP: Blockage of Cell IOFILLER_W_73 & Blockage of Cell IOFILLER_W_72  ( metal6 )
Bounds : ( 0.000, 881.330 ) ( 139.280, 881.850 )


OVERLAP: Blockage of Cell IOFILLER_W_73 & Blockage of Cell IOFILLER_W_72  ( metal5 )
Bounds : ( 0.000, 881.330 ) ( 139.280, 881.850 )


OVERLAP: Blockage of Cell IOFILLER_W_73 & Blockage of Cell IOFILLER_W_72  ( metal4 )
Bounds : ( 0.000, 881.330 ) ( 139.280, 881.850 )


OVERLAP: Blockage of Cell IOFILLER_W_73 & Blockage of Cell IOFILLER_W_72  ( metal3 )
Bounds : ( 0.000, 881.330 ) ( 139.280, 881.850 )


OVERLAP: Blockage of Cell IOFILLER_W_73 & Blockage of Cell IOFILLER_W_72  ( metal2 )
Bounds : ( 0.000, 881.330 ) ( 139.280, 881.850 )


OVERLAP: Blockage of Cell IOFILLER_W_73 & Blockage of Cell IOFILLER_W_72  ( metal1 )
Bounds : ( 0.000, 881.330 ) ( 139.280, 881.850 )


OVERLAP: Cell IOFILLER_W_70 & Cell IOFILLER_W_71
Bounds : ( 0.000, 791.950 ) ( 140.120, 792.470 )


OVERLAP: Blockage of Cell IOFILLER_W_71 & Blockage of Cell IOFILLER_W_70  ( metal6 )
Bounds : ( 0.000, 791.950 ) ( 139.280, 792.470 )


OVERLAP: Blockage of Cell IOFILLER_W_71 & Blockage of Cell IOFILLER_W_70  ( metal5 )
Bounds : ( 0.000, 791.950 ) ( 139.280, 792.470 )


OVERLAP: Blockage of Cell IOFILLER_W_71 & Blockage of Cell IOFILLER_W_70  ( metal4 )
Bounds : ( 0.000, 791.950 ) ( 139.280, 792.470 )


OVERLAP: Blockage of Cell IOFILLER_W_71 & Blockage of Cell IOFILLER_W_70  ( metal3 )
Bounds : ( 0.000, 791.950 ) ( 139.280, 792.470 )


OVERLAP: Blockage of Cell IOFILLER_W_71 & Blockage of Cell IOFILLER_W_70  ( metal2 )
Bounds : ( 0.000, 791.950 ) ( 139.280, 792.470 )


OVERLAP: Blockage of Cell IOFILLER_W_71 & Blockage of Cell IOFILLER_W_70  ( metal1 )
Bounds : ( 0.000, 791.950 ) ( 139.280, 792.470 )


SHORT: Pin of Cell ipad_data_b_i_2 & Blockage of Cell BPad_ipad_data_b_i_2  ( metal6 )
Bounds : ( 0.000, 810.570 ) ( 0.000, 837.190 )


SHORT: Pin of Cell ipad_data_b_i_2 & Blockage of Cell BPad_ipad_data_b_i_2  ( metal5 )
Bounds : ( 0.000, 810.570 ) ( 0.000, 837.190 )


SHORT: Pin of Cell ipad_data_b_i_2 & Blockage of Cell BPad_ipad_data_b_i_2  ( metal4 )
Bounds : ( 0.000, 810.570 ) ( 0.000, 837.190 )


SHORT: Pin of Cell ipad_data_b_i_3 & Blockage of Cell BPad_ipad_data_b_i_3  ( metal6 )
Bounds : ( 0.000, 899.950 ) ( 0.000, 926.570 )


SHORT: Pin of Cell ipad_data_b_i_3 & Blockage of Cell BPad_ipad_data_b_i_3  ( metal5 )
Bounds : ( 0.000, 899.950 ) ( 0.000, 926.570 )


SHORT: Pin of Cell ipad_data_b_i_3 & Blockage of Cell BPad_ipad_data_b_i_3  ( metal4 )
Bounds : ( 0.000, 899.950 ) ( 0.000, 926.570 )


SHORT: Pin of Cell ipad_data_b_i_5 & Blockage of Cell BPad_ipad_data_b_i_5  ( metal6 )
Bounds : ( 0.000, 1078.710 ) ( 0.000, 1105.330 )


SHORT: Pin of Cell ipad_data_b_i_5 & Blockage of Cell BPad_ipad_data_b_i_5  ( metal5 )
Bounds : ( 0.000, 1078.710 ) ( 0.000, 1105.330 )


SHORT: Pin of Cell ipad_data_b_i_5 & Blockage of Cell BPad_ipad_data_b_i_5  ( metal4 )
Bounds : ( 0.000, 1078.710 ) ( 0.000, 1105.330 )


OVERLAP: Cell IOFILLER_E_59 & Cell IOFILLER_E_70
Bounds : ( 1337.960, 645.690 ) ( 1478.080, 646.010 )


OVERLAP: Blockage of Cell IOFILLER_E_70 & Blockage of Cell IOFILLER_E_59  ( metal6 )
Bounds : ( 1338.800, 645.690 ) ( 1478.080, 646.010 )


OVERLAP: Blockage of Cell IOFILLER_E_70 & Blockage of Cell IOFILLER_E_59  ( metal5 )
Bounds : ( 1338.800, 645.690 ) ( 1478.080, 646.010 )


OVERLAP: Blockage of Cell IOFILLER_E_70 & Blockage of Cell IOFILLER_E_59  ( metal4 )
Bounds : ( 1338.800, 645.690 ) ( 1478.080, 646.010 )


OVERLAP: Blockage of Cell IOFILLER_E_70 & Blockage of Cell IOFILLER_E_59  ( metal3 )
Bounds : ( 1338.800, 645.690 ) ( 1478.080, 646.010 )


OVERLAP: Blockage of Cell IOFILLER_E_70 & Blockage of Cell IOFILLER_E_59  ( metal2 )
Bounds : ( 1338.800, 645.690 ) ( 1478.080, 646.010 )


OVERLAP: Blockage of Cell IOFILLER_E_70 & Blockage of Cell IOFILLER_E_59  ( metal1 )
Bounds : ( 1338.800, 645.690 ) ( 1478.080, 646.010 )


SHORT: Pin of Cell ipad_IOVDD2 & Blockage of Cell BPad_ipad_IOVDD2  ( metal6 )
Bounds : ( 1478.080, 664.310 ) ( 1478.080, 690.930 )


SHORT: Pin of Cell ipad_IOVDD2 & Blockage of Cell BPad_ipad_IOVDD2  ( metal5 )
Bounds : ( 1478.080, 664.310 ) ( 1478.080, 690.930 )


SHORT: Pin of Cell ipad_IOVDD2 & Blockage of Cell BPad_ipad_IOVDD2  ( metal4 )
Bounds : ( 1478.080, 664.310 ) ( 1478.080, 690.930 )


SHORT: Pin of Cell ipad_data_o_11 & Blockage of Cell BPad_ipad_data_o_11  ( metal6 )
Bounds : ( 1478.080, 550.550 ) ( 1478.080, 577.170 )


SHORT: Pin of Cell ipad_data_o_11 & Blockage of Cell BPad_ipad_data_o_11  ( metal5 )
Bounds : ( 1478.080, 550.550 ) ( 1478.080, 577.170 )


SHORT: Pin of Cell ipad_data_o_11 & Blockage of Cell BPad_ipad_data_o_11  ( metal4 )
Bounds : ( 1478.080, 550.550 ) ( 1478.080, 577.170 )


OVERLAP: Cell IOFILLER_E_57 & Cell IOFILLER_E_68
Bounds : ( 1337.960, 418.170 ) ( 1478.080, 418.490 )


OVERLAP: Cell IOFILLER_E_58 & Cell IOFILLER_E_69
Bounds : ( 1337.960, 531.930 ) ( 1478.080, 532.250 )


OVERLAP: Blockage of Cell IOFILLER_E_68 & Blockage of Cell IOFILLER_E_57  ( metal6 )
Bounds : ( 1338.800, 418.170 ) ( 1478.080, 418.490 )


OVERLAP: Blockage of Cell IOFILLER_E_68 & Blockage of Cell IOFILLER_E_57  ( metal5 )
Bounds : ( 1338.800, 418.170 ) ( 1478.080, 418.490 )


OVERLAP: Blockage of Cell IOFILLER_E_68 & Blockage of Cell IOFILLER_E_57  ( metal4 )
Bounds : ( 1338.800, 418.170 ) ( 1478.080, 418.490 )


OVERLAP: Blockage of Cell IOFILLER_E_68 & Blockage of Cell IOFILLER_E_57  ( metal3 )
Bounds : ( 1338.800, 418.170 ) ( 1478.080, 418.490 )


OVERLAP: Blockage of Cell IOFILLER_E_68 & Blockage of Cell IOFILLER_E_57  ( metal2 )
Bounds : ( 1338.800, 418.170 ) ( 1478.080, 418.490 )


OVERLAP: Blockage of Cell IOFILLER_E_68 & Blockage of Cell IOFILLER_E_57  ( metal1 )
Bounds : ( 1338.800, 418.170 ) ( 1478.080, 418.490 )


OVERLAP: Blockage of Cell IOFILLER_E_69 & Blockage of Cell IOFILLER_E_58  ( metal6 )
Bounds : ( 1338.800, 531.930 ) ( 1478.080, 532.250 )


OVERLAP: Blockage of Cell IOFILLER_E_69 & Blockage of Cell IOFILLER_E_58  ( metal5 )
Bounds : ( 1338.800, 531.930 ) ( 1478.080, 532.250 )


OVERLAP: Blockage of Cell IOFILLER_E_69 & Blockage of Cell IOFILLER_E_58  ( metal4 )
Bounds : ( 1338.800, 531.930 ) ( 1478.080, 532.250 )


OVERLAP: Blockage of Cell IOFILLER_E_69 & Blockage of Cell IOFILLER_E_58  ( metal3 )
Bounds : ( 1338.800, 531.930 ) ( 1478.080, 532.250 )


OVERLAP: Blockage of Cell IOFILLER_E_69 & Blockage of Cell IOFILLER_E_58  ( metal2 )
Bounds : ( 1338.800, 531.930 ) ( 1478.080, 532.250 )


OVERLAP: Blockage of Cell IOFILLER_E_69 & Blockage of Cell IOFILLER_E_58  ( metal1 )
Bounds : ( 1338.800, 531.930 ) ( 1478.080, 532.250 )


SHORT: Pin of Cell ipad_data_o_10 & Blockage of Cell BPad_ipad_data_o_10  ( metal6 )
Bounds : ( 1478.080, 436.790 ) ( 1478.080, 463.410 )


SHORT: Pin of Cell ipad_data_o_10 & Blockage of Cell BPad_ipad_data_o_10  ( metal5 )
Bounds : ( 1478.080, 436.790 ) ( 1478.080, 463.410 )


SHORT: Pin of Cell ipad_data_o_10 & Blockage of Cell BPad_ipad_data_o_10  ( metal4 )
Bounds : ( 1478.080, 436.790 ) ( 1478.080, 463.410 )


OVERLAP: Cell IOFILLER_E_56 & Cell IOFILLER_E_67
Bounds : ( 1337.960, 304.410 ) ( 1478.080, 304.730 )


OVERLAP: Blockage of Cell IOFILLER_E_67 & Blockage of Cell IOFILLER_E_56  ( metal6 )
Bounds : ( 1338.800, 304.410 ) ( 1478.080, 304.730 )


OVERLAP: Blockage of Cell IOFILLER_E_67 & Blockage of Cell IOFILLER_E_56  ( metal5 )
Bounds : ( 1338.800, 304.410 ) ( 1478.080, 304.730 )


OVERLAP: Blockage of Cell IOFILLER_E_67 & Blockage of Cell IOFILLER_E_56  ( metal4 )
Bounds : ( 1338.800, 304.410 ) ( 1478.080, 304.730 )


OVERLAP: Blockage of Cell IOFILLER_E_67 & Blockage of Cell IOFILLER_E_56  ( metal3 )
Bounds : ( 1338.800, 304.410 ) ( 1478.080, 304.730 )


OVERLAP: Blockage of Cell IOFILLER_E_67 & Blockage of Cell IOFILLER_E_56  ( metal2 )
Bounds : ( 1338.800, 304.410 ) ( 1478.080, 304.730 )


OVERLAP: Blockage of Cell IOFILLER_E_67 & Blockage of Cell IOFILLER_E_56  ( metal1 )
Bounds : ( 1338.800, 304.410 ) ( 1478.080, 304.730 )


OVERLAP: Cell IOFILLER_E_55 & Cell IOFILLER_E_66
Bounds : ( 1337.960, 190.650 ) ( 1478.080, 190.960 )


OVERLAP: Blockage of Cell IOFILLER_E_66 & Blockage of Cell IOFILLER_E_55  ( metal6 )
Bounds : ( 1338.800, 190.650 ) ( 1478.080, 190.960 )


OVERLAP: Blockage of Cell IOFILLER_E_66 & Blockage of Cell IOFILLER_E_55  ( metal5 )
Bounds : ( 1338.800, 190.650 ) ( 1478.080, 190.960 )


OVERLAP: Blockage of Cell IOFILLER_E_66 & Blockage of Cell IOFILLER_E_55  ( metal4 )
Bounds : ( 1338.800, 190.650 ) ( 1478.080, 190.960 )


OVERLAP: Blockage of Cell IOFILLER_E_66 & Blockage of Cell IOFILLER_E_55  ( metal3 )
Bounds : ( 1338.800, 190.650 ) ( 1478.080, 190.960 )


OVERLAP: Blockage of Cell IOFILLER_E_66 & Blockage of Cell IOFILLER_E_55  ( metal2 )
Bounds : ( 1338.800, 190.650 ) ( 1478.080, 190.960 )


OVERLAP: Blockage of Cell IOFILLER_E_66 & Blockage of Cell IOFILLER_E_55  ( metal1 )
Bounds : ( 1338.800, 190.650 ) ( 1478.080, 190.960 )


SHORT: Pin of Cell ipad_data_o_9 & Blockage of Cell BPad_ipad_data_o_9  ( metal6 )
Bounds : ( 1478.080, 323.030 ) ( 1478.080, 349.650 )


SHORT: Pin of Cell ipad_data_o_9 & Blockage of Cell BPad_ipad_data_o_9  ( metal5 )
Bounds : ( 1478.080, 323.030 ) ( 1478.080, 349.650 )


SHORT: Pin of Cell ipad_data_o_9 & Blockage of Cell BPad_ipad_data_o_9  ( metal4 )
Bounds : ( 1478.080, 323.030 ) ( 1478.080, 349.650 )


SHORT: Pin of Cell ipad_data_o_8 & Blockage of Cell BPad_ipad_data_o_8  ( metal6 )
Bounds : ( 1478.080, 209.270 ) ( 1478.080, 235.890 )


SHORT: Pin of Cell ipad_data_o_8 & Blockage of Cell BPad_ipad_data_o_8  ( metal5 )
Bounds : ( 1478.080, 209.270 ) ( 1478.080, 235.890 )


SHORT: Pin of Cell ipad_data_o_8 & Blockage of Cell BPad_ipad_data_o_8  ( metal4 )
Bounds : ( 1478.080, 209.270 ) ( 1478.080, 235.890 )


OVERLAP: Cell IOFILLER_S_86 & Cell IOFILLER_S_87
Bounds : ( 1337.340, 0.000 ) ( 1337.450, 140.120 )


OVERLAP: Blockage of Cell IOFILLER_S_87 & Blockage of Cell IOFILLER_S_86  ( metal6 )
Bounds : ( 1337.340, 0.000 ) ( 1337.450, 139.280 )


OVERLAP: Blockage of Cell IOFILLER_S_87 & Blockage of Cell IOFILLER_S_86  ( metal5 )
Bounds : ( 1337.340, 0.000 ) ( 1337.450, 139.280 )


OVERLAP: Blockage of Cell IOFILLER_S_87 & Blockage of Cell IOFILLER_S_86  ( metal4 )
Bounds : ( 1337.340, 0.000 ) ( 1337.450, 139.280 )


OVERLAP: Blockage of Cell IOFILLER_S_87 & Blockage of Cell IOFILLER_S_86  ( metal3 )
Bounds : ( 1337.340, 0.000 ) ( 1337.450, 139.280 )


OVERLAP: Blockage of Cell IOFILLER_S_87 & Blockage of Cell IOFILLER_S_86  ( metal2 )
Bounds : ( 1337.340, 0.000 ) ( 1337.450, 139.280 )


OVERLAP: Blockage of Cell IOFILLER_S_87 & Blockage of Cell IOFILLER_S_86  ( metal1 )
Bounds : ( 1337.340, 0.000 ) ( 1337.450, 139.280 )


OVERLAP: Cell IOFILLER_S_84 & Cell IOFILLER_S_85
Bounds : ( 1222.750, 0.000 ) ( 1222.860, 140.120 )


OVERLAP: Blockage of Cell IOFILLER_S_85 & Blockage of Cell IOFILLER_S_84  ( metal6 )
Bounds : ( 1222.750, 0.000 ) ( 1222.860, 139.280 )


OVERLAP: Blockage of Cell IOFILLER_S_85 & Blockage of Cell IOFILLER_S_84  ( metal5 )
Bounds : ( 1222.750, 0.000 ) ( 1222.860, 139.280 )


OVERLAP: Blockage of Cell IOFILLER_S_85 & Blockage of Cell IOFILLER_S_84  ( metal4 )
Bounds : ( 1222.750, 0.000 ) ( 1222.860, 139.280 )


OVERLAP: Blockage of Cell IOFILLER_S_85 & Blockage of Cell IOFILLER_S_84  ( metal3 )
Bounds : ( 1222.750, 0.000 ) ( 1222.860, 139.280 )


OVERLAP: Blockage of Cell IOFILLER_S_85 & Blockage of Cell IOFILLER_S_84  ( metal2 )
Bounds : ( 1222.750, 0.000 ) ( 1222.860, 139.280 )


OVERLAP: Blockage of Cell IOFILLER_S_85 & Blockage of Cell IOFILLER_S_84  ( metal1 )
Bounds : ( 1222.750, 0.000 ) ( 1222.860, 139.280 )


SHORT: Pin of Cell ipad_data_o_6 & Blockage of Cell BPad_ipad_data_o_6  ( metal6 )
Bounds : ( 1126.780, 0.000 ) ( 1153.400, 0.000 )


SHORT: Pin of Cell ipad_data_o_6 & Blockage of Cell BPad_ipad_data_o_6  ( metal5 )
Bounds : ( 1126.780, 0.000 ) ( 1153.400, 0.000 )


SHORT: Pin of Cell ipad_data_o_6 & Blockage of Cell BPad_ipad_data_o_6  ( metal4 )
Bounds : ( 1126.780, 0.000 ) ( 1153.400, 0.000 )


SHORT: Pin of Cell ipad_data_o_7 & Blockage of Cell BPad_ipad_data_o_7  ( metal6 )
Bounds : ( 1241.370, 0.000 ) ( 1267.990, 0.000 )


SHORT: Pin of Cell ipad_data_o_7 & Blockage of Cell BPad_ipad_data_o_7  ( metal5 )
Bounds : ( 1241.370, 0.000 ) ( 1267.990, 0.000 )


SHORT: Pin of Cell ipad_data_o_7 & Blockage of Cell BPad_ipad_data_o_7  ( metal4 )
Bounds : ( 1241.370, 0.000 ) ( 1267.990, 0.000 )


OVERLAP: Cell IOFILLER_S_82 & Cell IOFILLER_S_83
Bounds : ( 1108.160, 0.000 ) ( 1108.270, 140.120 )


OVERLAP: Blockage of Cell IOFILLER_S_83 & Blockage of Cell IOFILLER_S_82  ( metal6 )
Bounds : ( 1108.160, 0.000 ) ( 1108.270, 139.280 )


OVERLAP: Blockage of Cell IOFILLER_S_83 & Blockage of Cell IOFILLER_S_82  ( metal5 )
Bounds : ( 1108.160, 0.000 ) ( 1108.270, 139.280 )


OVERLAP: Blockage of Cell IOFILLER_S_83 & Blockage of Cell IOFILLER_S_82  ( metal4 )
Bounds : ( 1108.160, 0.000 ) ( 1108.270, 139.280 )


OVERLAP: Blockage of Cell IOFILLER_S_83 & Blockage of Cell IOFILLER_S_82  ( metal3 )
Bounds : ( 1108.160, 0.000 ) ( 1108.270, 139.280 )


OVERLAP: Blockage of Cell IOFILLER_S_83 & Blockage of Cell IOFILLER_S_82  ( metal2 )
Bounds : ( 1108.160, 0.000 ) ( 1108.270, 139.280 )


OVERLAP: Blockage of Cell IOFILLER_S_83 & Blockage of Cell IOFILLER_S_82  ( metal1 )
Bounds : ( 1108.160, 0.000 ) ( 1108.270, 139.280 )


OVERLAP: Cell IOFILLER_S_80 & Cell IOFILLER_S_81
Bounds : ( 993.570, 0.000 ) ( 993.680, 140.120 )


OVERLAP: Blockage of Cell IOFILLER_S_81 & Blockage of Cell IOFILLER_S_80  ( metal6 )
Bounds : ( 993.570, 0.000 ) ( 993.680, 139.280 )


OVERLAP: Blockage of Cell IOFILLER_S_81 & Blockage of Cell IOFILLER_S_80  ( metal5 )
Bounds : ( 993.570, 0.000 ) ( 993.680, 139.280 )


OVERLAP: Blockage of Cell IOFILLER_S_81 & Blockage of Cell IOFILLER_S_80  ( metal4 )
Bounds : ( 993.570, 0.000 ) ( 993.680, 139.280 )


OVERLAP: Blockage of Cell IOFILLER_S_81 & Blockage of Cell IOFILLER_S_80  ( metal3 )
Bounds : ( 993.570, 0.000 ) ( 993.680, 139.280 )


OVERLAP: Blockage of Cell IOFILLER_S_81 & Blockage of Cell IOFILLER_S_80  ( metal2 )
Bounds : ( 993.570, 0.000 ) ( 993.680, 139.280 )


OVERLAP: Blockage of Cell IOFILLER_S_81 & Blockage of Cell IOFILLER_S_80  ( metal1 )
Bounds : ( 993.570, 0.000 ) ( 993.680, 139.280 )


SHORT: Pin of Cell ipad_data_o_5 & Blockage of Cell BPad_ipad_data_o_5  ( metal6 )
Bounds : ( 1012.190, 0.000 ) ( 1038.810, 0.000 )


SHORT: Pin of Cell ipad_data_o_5 & Blockage of Cell BPad_ipad_data_o_5  ( metal5 )
Bounds : ( 1012.190, 0.000 ) ( 1038.810, 0.000 )


SHORT: Pin of Cell ipad_data_o_5 & Blockage of Cell BPad_ipad_data_o_5  ( metal4 )
Bounds : ( 1012.190, 0.000 ) ( 1038.810, 0.000 )


OVERLAP: Cell IOFILLER_S_78 & Cell IOFILLER_S_79
Bounds : ( 878.980, 0.000 ) ( 879.100, 140.120 )


OVERLAP: Blockage of Cell IOFILLER_S_79 & Blockage of Cell IOFILLER_S_78  ( metal6 )
Bounds : ( 878.980, 0.000 ) ( 879.100, 139.280 )


OVERLAP: Blockage of Cell IOFILLER_S_79 & Blockage of Cell IOFILLER_S_78  ( metal5 )
Bounds : ( 878.980, 0.000 ) ( 879.100, 139.280 )


OVERLAP: Blockage of Cell IOFILLER_S_79 & Blockage of Cell IOFILLER_S_78  ( metal4 )
Bounds : ( 878.980, 0.000 ) ( 879.100, 139.280 )


OVERLAP: Blockage of Cell IOFILLER_S_79 & Blockage of Cell IOFILLER_S_78  ( metal3 )
Bounds : ( 878.980, 0.000 ) ( 879.100, 139.280 )


OVERLAP: Blockage of Cell IOFILLER_S_79 & Blockage of Cell IOFILLER_S_78  ( metal2 )
Bounds : ( 878.980, 0.000 ) ( 879.100, 139.280 )


OVERLAP: Blockage of Cell IOFILLER_S_79 & Blockage of Cell IOFILLER_S_78  ( metal1 )
Bounds : ( 878.980, 0.000 ) ( 879.100, 139.280 )


OVERLAP: Cell IOFILLER_S_76 & Cell IOFILLER_S_77
Bounds : ( 764.400, 0.000 ) ( 764.520, 140.120 )


OVERLAP: Blockage of Cell IOFILLER_S_77 & Blockage of Cell IOFILLER_S_76  ( metal6 )
Bounds : ( 764.400, 0.000 ) ( 764.520, 139.280 )


OVERLAP: Blockage of Cell IOFILLER_S_77 & Blockage of Cell IOFILLER_S_76  ( metal5 )
Bounds : ( 764.400, 0.000 ) ( 764.520, 139.280 )


OVERLAP: Blockage of Cell IOFILLER_S_77 & Blockage of Cell IOFILLER_S_76  ( metal4 )
Bounds : ( 764.400, 0.000 ) ( 764.520, 139.280 )


OVERLAP: Blockage of Cell IOFILLER_S_77 & Blockage of Cell IOFILLER_S_76  ( metal3 )
Bounds : ( 764.400, 0.000 ) ( 764.520, 139.280 )


OVERLAP: Blockage of Cell IOFILLER_S_77 & Blockage of Cell IOFILLER_S_76  ( metal2 )
Bounds : ( 764.400, 0.000 ) ( 764.520, 139.280 )


OVERLAP: Blockage of Cell IOFILLER_S_77 & Blockage of Cell IOFILLER_S_76  ( metal1 )
Bounds : ( 764.400, 0.000 ) ( 764.520, 139.280 )


SHORT: Pin of Cell ipad_CoreVDD2 & Blockage of Cell BPad_ipad_CoreVDD2  ( metal6 )
Bounds : ( 783.020, 0.000 ) ( 809.640, 0.000 )


SHORT: Pin of Cell ipad_CoreVDD2 & Blockage of Cell BPad_ipad_CoreVDD2  ( metal5 )
Bounds : ( 783.020, 0.000 ) ( 809.640, 0.000 )


SHORT: Pin of Cell ipad_CoreVDD2 & Blockage of Cell BPad_ipad_CoreVDD2  ( metal4 )
Bounds : ( 783.020, 0.000 ) ( 809.640, 0.000 )


SHORT: Pin of Cell ipad_data_o_4 & Blockage of Cell BPad_ipad_data_o_4  ( metal6 )
Bounds : ( 897.600, 0.000 ) ( 924.220, 0.000 )


SHORT: Pin of Cell ipad_data_o_4 & Blockage of Cell BPad_ipad_data_o_4  ( metal5 )
Bounds : ( 897.600, 0.000 ) ( 924.220, 0.000 )


SHORT: Pin of Cell ipad_data_o_4 & Blockage of Cell BPad_ipad_data_o_4  ( metal4 )
Bounds : ( 897.600, 0.000 ) ( 924.220, 0.000 )


OVERLAP: Cell IOFILLER_W_66 & Cell IOFILLER_W_67
Bounds : ( 0.000, 613.190 ) ( 140.120, 613.710 )


OVERLAP: Blockage of Cell IOFILLER_W_67 & Blockage of Cell IOFILLER_W_66  ( metal6 )
Bounds : ( 0.000, 613.190 ) ( 139.280, 613.710 )


OVERLAP: Blockage of Cell IOFILLER_W_67 & Blockage of Cell IOFILLER_W_66  ( metal5 )
Bounds : ( 0.000, 613.190 ) ( 139.280, 613.710 )


OVERLAP: Blockage of Cell IOFILLER_W_67 & Blockage of Cell IOFILLER_W_66  ( metal4 )
Bounds : ( 0.000, 613.190 ) ( 139.280, 613.710 )


OVERLAP: Blockage of Cell IOFILLER_W_67 & Blockage of Cell IOFILLER_W_66  ( metal3 )
Bounds : ( 0.000, 613.190 ) ( 139.280, 613.710 )


OVERLAP: Blockage of Cell IOFILLER_W_67 & Blockage of Cell IOFILLER_W_66  ( metal2 )
Bounds : ( 0.000, 613.190 ) ( 139.280, 613.710 )


OVERLAP: Blockage of Cell IOFILLER_W_67 & Blockage of Cell IOFILLER_W_66  ( metal1 )
Bounds : ( 0.000, 613.190 ) ( 139.280, 613.710 )


OVERLAP: Cell IOFILLER_W_68 & Cell IOFILLER_W_69
Bounds : ( 0.000, 702.570 ) ( 140.120, 703.090 )


OVERLAP: Blockage of Cell IOFILLER_W_69 & Blockage of Cell IOFILLER_W_68  ( metal6 )
Bounds : ( 0.000, 702.570 ) ( 139.280, 703.090 )


OVERLAP: Blockage of Cell IOFILLER_W_69 & Blockage of Cell IOFILLER_W_68  ( metal5 )
Bounds : ( 0.000, 702.570 ) ( 139.280, 703.090 )


OVERLAP: Blockage of Cell IOFILLER_W_69 & Blockage of Cell IOFILLER_W_68  ( metal4 )
Bounds : ( 0.000, 702.570 ) ( 139.280, 703.090 )


OVERLAP: Blockage of Cell IOFILLER_W_69 & Blockage of Cell IOFILLER_W_68  ( metal3 )
Bounds : ( 0.000, 702.570 ) ( 139.280, 703.090 )


OVERLAP: Blockage of Cell IOFILLER_W_69 & Blockage of Cell IOFILLER_W_68  ( metal2 )
Bounds : ( 0.000, 702.570 ) ( 139.280, 703.090 )


OVERLAP: Blockage of Cell IOFILLER_W_69 & Blockage of Cell IOFILLER_W_68  ( metal1 )
Bounds : ( 0.000, 702.570 ) ( 139.280, 703.090 )


SHORT: Pin of Cell ipad_IOVDD1 & Blockage of Cell BPad_ipad_IOVDD1  ( metal6 )
Bounds : ( 0.000, 631.810 ) ( 0.000, 658.430 )


SHORT: Pin of Cell ipad_IOVDD1 & Blockage of Cell BPad_ipad_IOVDD1  ( metal5 )
Bounds : ( 0.000, 631.810 ) ( 0.000, 658.430 )


SHORT: Pin of Cell ipad_IOVDD1 & Blockage of Cell BPad_ipad_IOVDD1  ( metal4 )
Bounds : ( 0.000, 631.810 ) ( 0.000, 658.430 )


OVERLAP: Cell IOFILLER_W_62 & Cell IOFILLER_W_63
Bounds : ( 0.000, 434.430 ) ( 140.120, 434.950 )


OVERLAP: Blockage of Cell IOFILLER_W_63 & Blockage of Cell IOFILLER_W_62  ( metal6 )
Bounds : ( 0.000, 434.430 ) ( 139.280, 434.950 )


OVERLAP: Blockage of Cell IOFILLER_W_63 & Blockage of Cell IOFILLER_W_62  ( metal5 )
Bounds : ( 0.000, 434.430 ) ( 139.280, 434.950 )


OVERLAP: Blockage of Cell IOFILLER_W_63 & Blockage of Cell IOFILLER_W_62  ( metal4 )
Bounds : ( 0.000, 434.430 ) ( 139.280, 434.950 )


OVERLAP: Blockage of Cell IOFILLER_W_63 & Blockage of Cell IOFILLER_W_62  ( metal3 )
Bounds : ( 0.000, 434.430 ) ( 139.280, 434.950 )


OVERLAP: Blockage of Cell IOFILLER_W_63 & Blockage of Cell IOFILLER_W_62  ( metal2 )
Bounds : ( 0.000, 434.430 ) ( 139.280, 434.950 )


OVERLAP: Blockage of Cell IOFILLER_W_63 & Blockage of Cell IOFILLER_W_62  ( metal1 )
Bounds : ( 0.000, 434.430 ) ( 139.280, 434.950 )


OVERLAP: Cell IOFILLER_W_64 & Cell IOFILLER_W_65
Bounds : ( 0.000, 523.810 ) ( 140.120, 524.330 )


OVERLAP: Blockage of Cell IOFILLER_W_65 & Blockage of Cell IOFILLER_W_64  ( metal6 )
Bounds : ( 0.000, 523.810 ) ( 139.280, 524.330 )


OVERLAP: Blockage of Cell IOFILLER_W_65 & Blockage of Cell IOFILLER_W_64  ( metal5 )
Bounds : ( 0.000, 523.810 ) ( 139.280, 524.330 )


OVERLAP: Blockage of Cell IOFILLER_W_65 & Blockage of Cell IOFILLER_W_64  ( metal4 )
Bounds : ( 0.000, 523.810 ) ( 139.280, 524.330 )


OVERLAP: Blockage of Cell IOFILLER_W_65 & Blockage of Cell IOFILLER_W_64  ( metal3 )
Bounds : ( 0.000, 523.810 ) ( 139.280, 524.330 )


OVERLAP: Blockage of Cell IOFILLER_W_65 & Blockage of Cell IOFILLER_W_64  ( metal2 )
Bounds : ( 0.000, 523.810 ) ( 139.280, 524.330 )


OVERLAP: Blockage of Cell IOFILLER_W_65 & Blockage of Cell IOFILLER_W_64  ( metal1 )
Bounds : ( 0.000, 523.810 ) ( 139.280, 524.330 )


SHORT: Pin of Cell ipad_data_b_i_0 & Blockage of Cell BPad_ipad_data_b_i_0  ( metal6 )
Bounds : ( 0.000, 453.050 ) ( 0.000, 479.670 )


SHORT: Pin of Cell ipad_data_b_i_0 & Blockage of Cell BPad_ipad_data_b_i_0  ( metal5 )
Bounds : ( 0.000, 453.050 ) ( 0.000, 479.670 )


SHORT: Pin of Cell ipad_data_b_i_0 & Blockage of Cell BPad_ipad_data_b_i_0  ( metal4 )
Bounds : ( 0.000, 453.050 ) ( 0.000, 479.670 )


SHORT: Pin of Cell ipad_data_b_i_1 & Blockage of Cell BPad_ipad_data_b_i_1  ( metal6 )
Bounds : ( 0.000, 542.430 ) ( 0.000, 569.050 )


SHORT: Pin of Cell ipad_data_b_i_1 & Blockage of Cell BPad_ipad_data_b_i_1  ( metal5 )
Bounds : ( 0.000, 542.430 ) ( 0.000, 569.050 )


SHORT: Pin of Cell ipad_data_b_i_1 & Blockage of Cell BPad_ipad_data_b_i_1  ( metal4 )
Bounds : ( 0.000, 542.430 ) ( 0.000, 569.050 )


OVERLAP: Cell IOFILLER_S_74 & Cell IOFILLER_S_75
Bounds : ( 649.820, 0.000 ) ( 649.940, 140.120 )


OVERLAP: Blockage of Cell IOFILLER_S_75 & Blockage of Cell IOFILLER_S_74  ( metal6 )
Bounds : ( 649.820, 0.000 ) ( 649.940, 139.280 )


OVERLAP: Blockage of Cell IOFILLER_S_75 & Blockage of Cell IOFILLER_S_74  ( metal5 )
Bounds : ( 649.820, 0.000 ) ( 649.940, 139.280 )


OVERLAP: Blockage of Cell IOFILLER_S_75 & Blockage of Cell IOFILLER_S_74  ( metal4 )
Bounds : ( 649.820, 0.000 ) ( 649.940, 139.280 )


OVERLAP: Blockage of Cell IOFILLER_S_75 & Blockage of Cell IOFILLER_S_74  ( metal3 )
Bounds : ( 649.820, 0.000 ) ( 649.940, 139.280 )


OVERLAP: Blockage of Cell IOFILLER_S_75 & Blockage of Cell IOFILLER_S_74  ( metal2 )
Bounds : ( 649.820, 0.000 ) ( 649.940, 139.280 )


OVERLAP: Blockage of Cell IOFILLER_S_75 & Blockage of Cell IOFILLER_S_74  ( metal1 )
Bounds : ( 649.820, 0.000 ) ( 649.940, 139.280 )


SHORT: Pin of Cell ipad_CoreVSS2 & Blockage of Cell BPad_ipad_CoreVSS2  ( metal6 )
Bounds : ( 668.440, 0.000 ) ( 695.060, 0.000 )


SHORT: Pin of Cell ipad_CoreVSS2 & Blockage of Cell BPad_ipad_CoreVSS2  ( metal5 )
Bounds : ( 668.440, 0.000 ) ( 695.060, 0.000 )


SHORT: Pin of Cell ipad_CoreVSS2 & Blockage of Cell BPad_ipad_CoreVSS2  ( metal4 )
Bounds : ( 668.440, 0.000 ) ( 695.060, 0.000 )


OVERLAP: Cell IOFILLER_S_72 & Cell IOFILLER_S_73
Bounds : ( 535.240, 0.000 ) ( 535.350, 140.120 )


OVERLAP: Blockage of Cell IOFILLER_S_73 & Blockage of Cell IOFILLER_S_72  ( metal6 )
Bounds : ( 535.240, 0.000 ) ( 535.350, 139.280 )


OVERLAP: Blockage of Cell IOFILLER_S_73 & Blockage of Cell IOFILLER_S_72  ( metal5 )
Bounds : ( 535.240, 0.000 ) ( 535.350, 139.280 )


OVERLAP: Blockage of Cell IOFILLER_S_73 & Blockage of Cell IOFILLER_S_72  ( metal4 )
Bounds : ( 535.240, 0.000 ) ( 535.350, 139.280 )


OVERLAP: Blockage of Cell IOFILLER_S_73 & Blockage of Cell IOFILLER_S_72  ( metal3 )
Bounds : ( 535.240, 0.000 ) ( 535.350, 139.280 )


OVERLAP: Blockage of Cell IOFILLER_S_73 & Blockage of Cell IOFILLER_S_72  ( metal2 )
Bounds : ( 535.240, 0.000 ) ( 535.350, 139.280 )


OVERLAP: Blockage of Cell IOFILLER_S_73 & Blockage of Cell IOFILLER_S_72  ( metal1 )
Bounds : ( 535.240, 0.000 ) ( 535.350, 139.280 )


OVERLAP: Cell IOFILLER_S_70 & Cell IOFILLER_S_71
Bounds : ( 420.650, 0.000 ) ( 420.760, 140.120 )


OVERLAP: Blockage of Cell IOFILLER_S_71 & Blockage of Cell IOFILLER_S_70  ( metal6 )
Bounds : ( 420.650, 0.000 ) ( 420.760, 139.280 )


OVERLAP: Blockage of Cell IOFILLER_S_71 & Blockage of Cell IOFILLER_S_70  ( metal5 )
Bounds : ( 420.650, 0.000 ) ( 420.760, 139.280 )


OVERLAP: Blockage of Cell IOFILLER_S_71 & Blockage of Cell IOFILLER_S_70  ( metal4 )
Bounds : ( 420.650, 0.000 ) ( 420.760, 139.280 )


OVERLAP: Blockage of Cell IOFILLER_S_71 & Blockage of Cell IOFILLER_S_70  ( metal3 )
Bounds : ( 420.650, 0.000 ) ( 420.760, 139.280 )


OVERLAP: Blockage of Cell IOFILLER_S_71 & Blockage of Cell IOFILLER_S_70  ( metal2 )
Bounds : ( 420.650, 0.000 ) ( 420.760, 139.280 )


OVERLAP: Blockage of Cell IOFILLER_S_71 & Blockage of Cell IOFILLER_S_70  ( metal1 )
Bounds : ( 420.650, 0.000 ) ( 420.760, 139.280 )


SHORT: Pin of Cell ipad_data_o_2 & Blockage of Cell BPad_ipad_data_o_2  ( metal6 )
Bounds : ( 439.270, 0.000 ) ( 465.890, 0.000 )


SHORT: Pin of Cell ipad_data_o_2 & Blockage of Cell BPad_ipad_data_o_2  ( metal5 )
Bounds : ( 439.270, 0.000 ) ( 465.890, 0.000 )


SHORT: Pin of Cell ipad_data_o_2 & Blockage of Cell BPad_ipad_data_o_2  ( metal4 )
Bounds : ( 439.270, 0.000 ) ( 465.890, 0.000 )


SHORT: Pin of Cell ipad_data_o_3 & Blockage of Cell BPad_ipad_data_o_3  ( metal6 )
Bounds : ( 553.860, 0.000 ) ( 580.480, 0.000 )


SHORT: Pin of Cell ipad_data_o_3 & Blockage of Cell BPad_ipad_data_o_3  ( metal5 )
Bounds : ( 553.860, 0.000 ) ( 580.480, 0.000 )


SHORT: Pin of Cell ipad_data_o_3 & Blockage of Cell BPad_ipad_data_o_3  ( metal4 )
Bounds : ( 553.860, 0.000 ) ( 580.480, 0.000 )


OVERLAP: Cell IOFILLER_W_60 & Cell IOFILLER_W_61
Bounds : ( 0.000, 345.050 ) ( 140.120, 345.560 )


OVERLAP: Blockage of Cell IOFILLER_W_61 & Blockage of Cell IOFILLER_W_60  ( metal6 )
Bounds : ( 0.000, 345.050 ) ( 139.280, 345.560 )


OVERLAP: Blockage of Cell IOFILLER_W_61 & Blockage of Cell IOFILLER_W_60  ( metal5 )
Bounds : ( 0.000, 345.050 ) ( 139.280, 345.560 )


OVERLAP: Blockage of Cell IOFILLER_W_61 & Blockage of Cell IOFILLER_W_60  ( metal4 )
Bounds : ( 0.000, 345.050 ) ( 139.280, 345.560 )


OVERLAP: Blockage of Cell IOFILLER_W_61 & Blockage of Cell IOFILLER_W_60  ( metal3 )
Bounds : ( 0.000, 345.050 ) ( 139.280, 345.560 )


OVERLAP: Blockage of Cell IOFILLER_W_61 & Blockage of Cell IOFILLER_W_60  ( metal2 )
Bounds : ( 0.000, 345.050 ) ( 139.280, 345.560 )


OVERLAP: Blockage of Cell IOFILLER_W_61 & Blockage of Cell IOFILLER_W_60  ( metal1 )
Bounds : ( 0.000, 345.050 ) ( 139.280, 345.560 )


OVERLAP: Cell IOFILLER_W_58 & Cell IOFILLER_W_59
Bounds : ( 0.000, 255.660 ) ( 140.120, 256.170 )


OVERLAP: Blockage of Cell IOFILLER_W_59 & Blockage of Cell IOFILLER_W_58  ( metal6 )
Bounds : ( 0.000, 255.660 ) ( 139.280, 256.170 )


OVERLAP: Blockage of Cell IOFILLER_W_59 & Blockage of Cell IOFILLER_W_58  ( metal5 )
Bounds : ( 0.000, 255.660 ) ( 139.280, 256.170 )


OVERLAP: Blockage of Cell IOFILLER_W_59 & Blockage of Cell IOFILLER_W_58  ( metal4 )
Bounds : ( 0.000, 255.660 ) ( 139.280, 256.170 )


OVERLAP: Blockage of Cell IOFILLER_W_59 & Blockage of Cell IOFILLER_W_58  ( metal3 )
Bounds : ( 0.000, 255.660 ) ( 139.280, 256.170 )


OVERLAP: Blockage of Cell IOFILLER_W_59 & Blockage of Cell IOFILLER_W_58  ( metal2 )
Bounds : ( 0.000, 255.660 ) ( 139.280, 256.170 )


OVERLAP: Blockage of Cell IOFILLER_W_59 & Blockage of Cell IOFILLER_W_58  ( metal1 )
Bounds : ( 0.000, 255.660 ) ( 139.280, 256.170 )


SHORT: Pin of Cell ipad_data_a_i_6 & Blockage of Cell BPad_ipad_data_a_i_6  ( metal6 )
Bounds : ( 0.000, 274.280 ) ( 0.000, 300.900 )


SHORT: Pin of Cell ipad_data_a_i_6 & Blockage of Cell BPad_ipad_data_a_i_6  ( metal5 )
Bounds : ( 0.000, 274.280 ) ( 0.000, 300.900 )


SHORT: Pin of Cell ipad_data_a_i_6 & Blockage of Cell BPad_ipad_data_a_i_6  ( metal4 )
Bounds : ( 0.000, 274.280 ) ( 0.000, 300.900 )


SHORT: Pin of Cell ipad_data_a_i_5 & Blockage of Cell BPad_ipad_data_a_i_5  ( metal6 )
Bounds : ( 0.000, 184.890 ) ( 0.000, 211.510 )


SHORT: Pin of Cell ipad_data_a_i_5 & Blockage of Cell BPad_ipad_data_a_i_5  ( metal5 )
Bounds : ( 0.000, 184.890 ) ( 0.000, 211.510 )


SHORT: Pin of Cell ipad_data_a_i_5 & Blockage of Cell BPad_ipad_data_a_i_5  ( metal4 )
Bounds : ( 0.000, 184.890 ) ( 0.000, 211.510 )


OVERLAP: Cell IOFILLER_S_68 & Cell IOFILLER_S_69
Bounds : ( 306.060, 0.000 ) ( 306.170, 140.120 )


OVERLAP: Blockage of Cell IOFILLER_S_69 & Blockage of Cell IOFILLER_S_68  ( metal6 )
Bounds : ( 306.060, 0.000 ) ( 306.170, 139.280 )


OVERLAP: Blockage of Cell IOFILLER_S_69 & Blockage of Cell IOFILLER_S_68  ( metal5 )
Bounds : ( 306.060, 0.000 ) ( 306.170, 139.280 )


OVERLAP: Blockage of Cell IOFILLER_S_69 & Blockage of Cell IOFILLER_S_68  ( metal4 )
Bounds : ( 306.060, 0.000 ) ( 306.170, 139.280 )


OVERLAP: Blockage of Cell IOFILLER_S_69 & Blockage of Cell IOFILLER_S_68  ( metal3 )
Bounds : ( 306.060, 0.000 ) ( 306.170, 139.280 )


OVERLAP: Blockage of Cell IOFILLER_S_69 & Blockage of Cell IOFILLER_S_68  ( metal2 )
Bounds : ( 306.060, 0.000 ) ( 306.170, 139.280 )


OVERLAP: Blockage of Cell IOFILLER_S_69 & Blockage of Cell IOFILLER_S_68  ( metal1 )
Bounds : ( 306.060, 0.000 ) ( 306.170, 139.280 )


OVERLAP: Cell IOFILLER_S_66 & Cell IOFILLER_S_67
Bounds : ( 191.470, 0.000 ) ( 191.580, 140.120 )


OVERLAP: Blockage of Cell IOFILLER_S_67 & Blockage of Cell IOFILLER_S_66  ( metal6 )
Bounds : ( 191.470, 0.000 ) ( 191.580, 139.280 )


OVERLAP: Blockage of Cell IOFILLER_S_67 & Blockage of Cell IOFILLER_S_66  ( metal5 )
Bounds : ( 191.470, 0.000 ) ( 191.580, 139.280 )


OVERLAP: Blockage of Cell IOFILLER_S_67 & Blockage of Cell IOFILLER_S_66  ( metal4 )
Bounds : ( 191.470, 0.000 ) ( 191.580, 139.280 )


OVERLAP: Blockage of Cell IOFILLER_S_67 & Blockage of Cell IOFILLER_S_66  ( metal3 )
Bounds : ( 191.470, 0.000 ) ( 191.580, 139.280 )


OVERLAP: Blockage of Cell IOFILLER_S_67 & Blockage of Cell IOFILLER_S_66  ( metal2 )
Bounds : ( 191.470, 0.000 ) ( 191.580, 139.280 )


OVERLAP: Blockage of Cell IOFILLER_S_67 & Blockage of Cell IOFILLER_S_66  ( metal1 )
Bounds : ( 191.470, 0.000 ) ( 191.580, 139.280 )


SHORT: Pin of Cell ipad_data_o_0 & Blockage of Cell BPad_ipad_data_o_0  ( metal6 )
Bounds : ( 210.090, 0.000 ) ( 236.710, 0.000 )


SHORT: Pin of Cell ipad_data_o_0 & Blockage of Cell BPad_ipad_data_o_0  ( metal5 )
Bounds : ( 210.090, 0.000 ) ( 236.710, 0.000 )


SHORT: Pin of Cell ipad_data_o_0 & Blockage of Cell BPad_ipad_data_o_0  ( metal4 )
Bounds : ( 210.090, 0.000 ) ( 236.710, 0.000 )


SHORT: Pin of Cell ipad_data_o_1 & Blockage of Cell BPad_ipad_data_o_1  ( metal6 )
Bounds : ( 324.680, 0.000 ) ( 351.300, 0.000 )


SHORT: Pin of Cell ipad_data_o_1 & Blockage of Cell BPad_ipad_data_o_1  ( metal5 )
Bounds : ( 324.680, 0.000 ) ( 351.300, 0.000 )


SHORT: Pin of Cell ipad_data_o_1 & Blockage of Cell BPad_ipad_data_o_1  ( metal4 )
Bounds : ( 324.680, 0.000 ) ( 351.300, 0.000 )


OVERLAP: Cell IOFILLER_W_56 & Cell IOFILLER_W_57
Bounds : ( 0.000, 166.270 ) ( 140.120, 166.780 )


OVERLAP: Blockage of Cell IOFILLER_W_57 & Blockage of Cell IOFILLER_W_56  ( metal6 )
Bounds : ( 0.000, 166.270 ) ( 139.280, 166.780 )


OVERLAP: Blockage of Cell IOFILLER_W_57 & Blockage of Cell IOFILLER_W_56  ( metal5 )
Bounds : ( 0.000, 166.270 ) ( 139.280, 166.780 )


OVERLAP: Blockage of Cell IOFILLER_W_57 & Blockage of Cell IOFILLER_W_56  ( metal4 )
Bounds : ( 0.000, 166.270 ) ( 139.280, 166.780 )


OVERLAP: Blockage of Cell IOFILLER_W_57 & Blockage of Cell IOFILLER_W_56  ( metal3 )
Bounds : ( 0.000, 166.270 ) ( 139.280, 166.780 )


OVERLAP: Blockage of Cell IOFILLER_W_57 & Blockage of Cell IOFILLER_W_56  ( metal2 )
Bounds : ( 0.000, 166.270 ) ( 139.280, 166.780 )


OVERLAP: Blockage of Cell IOFILLER_W_57 & Blockage of Cell IOFILLER_W_56  ( metal1 )
Bounds : ( 0.000, 166.270 ) ( 139.280, 166.780 )


SHORT: Pin of Cell ipad_data_a_i_7 & Blockage of Cell BPad_ipad_data_a_i_7  ( metal6 )
Bounds : ( 0.000, 363.670 ) ( 0.000, 390.290 )


SHORT: Pin of Cell ipad_data_a_i_7 & Blockage of Cell BPad_ipad_data_a_i_7  ( metal5 )
Bounds : ( 0.000, 363.670 ) ( 0.000, 390.290 )


SHORT: Pin of Cell ipad_data_a_i_7 & Blockage of Cell BPad_ipad_data_a_i_7  ( metal4 )
Bounds : ( 0.000, 363.670 ) ( 0.000, 390.290 )


SHORT: Pin of Cell ipad_IOVSS1 & Blockage of Cell BPad_ipad_IOVSS1  ( metal6 )
Bounds : ( 0.000, 721.190 ) ( 0.000, 747.810 )


SHORT: Pin of Cell ipad_IOVSS1 & Blockage of Cell BPad_ipad_IOVSS1  ( metal5 )
Bounds : ( 0.000, 721.190 ) ( 0.000, 747.810 )


SHORT: Pin of Cell ipad_IOVSS1 & Blockage of Cell BPad_ipad_IOVSS1  ( metal4 )
Bounds : ( 0.000, 721.190 ) ( 0.000, 747.810 )



Begin Summary ...
  Cells       : 0
  SameNet     : 0
  Wiring      : 0
  Antenna     : 0
  Short       : 135
  Overlap     : 343
End Summary

  Total Violations : 478 Viols.
