Loading db file '/home/raid7_2/user12/r2945050/ICDLab/HW3/fsa0m_a_generic_core_tt1p8v25c.db'
Information: Propagating switching activity (low effort zero delay simulation). (PWR-6)
Warning: Design has unannotated primary inputs. (PWR-414)
Warning: Design has unannotated sequential cell outputs. (PWR-415)
 
****************************************
Report : power
        -analysis_effort low
Design : alu
Version: U-2022.12
Date   : Sat Mar  9 02:15:54 2024
****************************************


Library(s) Used:

    fsa0m_a_generic_core_tt1p8v25c (File: /home/raid7_2/user12/r2945050/ICDLab/HW3/fsa0m_a_generic_core_tt1p8v25c.db)


Operating Conditions: WCCOM   Library: fsa0m_a_generic_core_ss1p62v125c
Wire Load Model Mode: enclosed

Design        Wire Load Model            Library
------------------------------------------------
alu                    G200K             fsa0m_a_generic_core_tt1p8v25c
alu_DW01_sub_0         enG5K             fsa0m_a_generic_core_tt1p8v25c
alu_DW01_add_0         enG5K             fsa0m_a_generic_core_tt1p8v25c
alu_DW_mult_uns_0      enG5K             fsa0m_a_generic_core_tt1p8v25c


Global Operating Voltage = 1.62 
Power-specific unit information :
    Voltage Units = 1V
    Capacitance Units = 1.000000pf
    Time Units = 1ns
    Dynamic Power Units = 1mW    (derived from V,C,T units)
    Leakage Power Units = 1pW


Attributes
----------
i - Including register clock pin internal power


  Cell Internal Power  = 411.5465 uW   (12%)
  Net Switching Power  =   2.9567 mW   (88%)
                         ---------
Total Dynamic Power    =   3.3682 mW  (100%)

Cell Leakage Power     =  37.4351 nW


                 Internal         Switching           Leakage            Total
Power Group      Power            Power               Power              Power   (   %    )  Attrs
--------------------------------------------------------------------------------------------------
io_pad             0.0000            0.0000            0.0000            0.0000  (   0.00%)
memory             0.0000            0.0000            0.0000            0.0000  (   0.00%)
black_box          0.0000            0.0000            0.0000            0.0000  (   0.00%)
clock_network      0.2176            0.0000            0.0000            0.2176  (   6.46%)  i
register       4.6165e-02        3.0504e-02        7.8502e+03        7.6677e-02  (   2.28%)
sequential         0.0000            0.0000            0.0000            0.0000  (   0.00%)
combinational      0.1478            2.9261        2.9585e+04            3.0740  (  91.26%)
--------------------------------------------------------------------------------------------------
Total              0.4115 mW         2.9567 mW     3.7435e+04 pW         3.3682 mW
1
