 
****************************************
Report : area
Design : alu
Version: U-2022.12
Date   : Sat Mar  9 01:23:17 2024
****************************************

Information: Updating design information... (UID-85)
Library(s) Used:

    fsa0m_a_generic_core_tt1p8v25c (File: /home/raid7_2/user12/r2945050/ICDLab/Lab3/fsa0m_a_generic_core_tt1p8v25c.db)

Number of ports:                          143
Number of nets:                           542
Number of cells:                          350
Number of combinational cells:            311
Number of sequential cells:                35
Number of macros/black boxes:               0
Number of buf/inv:                         97
Number of references:                      25

Combinational area:               7852.622393
Buf/Inv area:                     1568.649568
Noncombinational area:            2084.241615
Macro/Black Box area:                0.000000
Net Interconnect area:      undefined  (Wire load has zero net area)

Total cell area:                  9936.864008
Total area:                 undefined
1
