 
****************************************
Report : area
Design : Top
Version: U-2022.12
Date   : Thu May 23 17:39:41 2024
****************************************

Information: Updating design information... (UID-85)
Warning: Design 'Top' contains 1 high-fanout nets. A fanout number of 1000 will be used for delay calculations involving these nets. (TIM-134)
Library(s) Used:

    fsa0m_a_generic_core_tt1p8v25c (File: /home/raid7_2/user12/r2945050/ICDLab/Final/fsa0m_a_generic_core_tt1p8v25c.db)

Number of ports:                         2226
Number of nets:                          8279
Number of cells:                         7656
Number of combinational cells:           5471
Number of sequential cells:              2179
Number of macros/black boxes:               0
Number of buf/inv:                       1821
Number of references:                     120

Combinational area:             130444.776149
Buf/Inv area:                    24145.329437
Noncombinational area:          130635.389557
Macro/Black Box area:                0.000000
Net Interconnect area:      undefined  (Wire load has zero net area)

Total cell area:                261080.165706
Total area:                 undefined
1
