 
****************************************
Report : area
Design : Top
Version: U-2022.12
Date   : Wed Jun  5 17:50:07 2024
****************************************

Information: Updating design information... (UID-85)
Warning: Design 'Top' contains 1 high-fanout nets. A fanout number of 1000 will be used for delay calculations involving these nets. (TIM-134)
Library(s) Used:

    fsa0m_a_generic_core_tt1p8v25c (File: /home/raid7_2/user12/r2945050/ICDLab/Final/SYN/fsa0m_a_generic_core_tt1p8v25c.db)

Number of ports:                          255
Number of nets:                         14412
Number of cells:                        14007
Number of combinational cells:          11007
Number of sequential cells:              2997
Number of macros/black boxes:               0
Number of buf/inv:                       4290
Number of references:                     117

Combinational area:             249715.266052
Buf/Inv area:                    48868.746873
Noncombinational area:          179579.132427
Macro/Black Box area:                0.000000
Net Interconnect area:      undefined  (Wire load has zero net area)

Total cell area:                429294.398479
Total area:                 undefined
1
